  GameManagers folder: Game_Manager_folder
    Map: maps/input_a.txt
      Skipped (simulator failed, likely invalid map): maps/input_a.txt
dlopen failed for Game_Manager_folder/GameManager_209399021_208239152.so: Game_Manager_folder/GameManager_209399021_208239152.so: undefined symbol: _ZN30UserCommon_209399021_20823915216SatelliteViewImpC1Ev
dlopen failed for Game_Manager_folder/libGameManager_208011650_323870188.so: /lib/x86_64-linux-gnu/libc.so.6: version `GLIBC_2.38' not found (required by Game_Manager_folder/libGameManager_208011650_323870188.so)
dlopen failed for Game_Manager_folder/GameManager_0000.so: /lib/x86_64-linux-gnu/libc.so.6: version `GLIBC_2.38' not found (required by Game_Manager_folder/GameManager_0000.so)
dlopen failed for Game_Manager_folder/GameManager_211388913_322330820.so: /lib/x86_64-linux-gnu/libc.so.6: version `GLIBC_2.38' not found (required by Game_Manager_folder/GameManager_211388913_322330820.so)
dlopen failed for Game_Manager_folder/GameManager_209277367_322542887.so: Game_Manager_folder/GameManager_209277367_322542887.so: cannot open shared object file: No such file or directory
dlopen failed for Game_Manager_folder/GameManager_318885712_208230862.so: Game_Manager_folder/GameManager_318885712_208230862.so: undefined symbol: _ZN30UserCommon_318885712_20823086210Directions10dirToIndexB5cxx11E
dlopen failed for Game_Manager_folder/GameManager_322728148_206855835.so: Game_Manager_folder/GameManager_322728148_206855835.so: undefined symbol: _ZN23GameManagerRegistrationC1ESt8functionIFSt10unique_ptrI19AbstractGameManagerSt14default_deleteIS2_EEvEE
dlopen failed for Game_Manager_folder/GameManager_318772340_206580102.so: Game_Manager_folder/GameManager_318772340_206580102.so: invalid ELF header
dlopen failed for Game_Manager_folder/GameManager_206825176_319089256.so: Game_Manager_folder/GameManager_206825176_319089256.so: undefined symbol: _ZN30UserCommon_206825176_3190892564Tank10cancelMoveEv
dlopen failed for Game_Manager_folder/GameManager_207004615_322270851 (2).so: Game_Manager_folder/GameManager_207004615_322270851 (2).so: undefined symbol: _Z8getDelta9Direction
    Map: maps/invalid_bad_char.txt
      Skipped (simulator failed, likely invalid map): maps/invalid_bad_char.txt
dlopen failed for Game_Manager_folder/GameManager_209399021_208239152.so: Game_Manager_folder/GameManager_209399021_208239152.so: undefined symbol: _ZN30UserCommon_209399021_20823915216SatelliteViewImpC1Ev
dlopen failed for Game_Manager_folder/libGameManager_208011650_323870188.so: /lib/x86_64-linux-gnu/libc.so.6: version `GLIBC_2.38' not found (required by Game_Manager_folder/libGameManager_208011650_323870188.so)
dlopen failed for Game_Manager_folder/GameManager_0000.so: /lib/x86_64-linux-gnu/libc.so.6: version `GLIBC_2.38' not found (required by Game_Manager_folder/GameManager_0000.so)
dlopen failed for Game_Manager_folder/GameManager_211388913_322330820.so: /lib/x86_64-linux-gnu/libc.so.6: version `GLIBC_2.38' not found (required by Game_Manager_folder/GameManager_211388913_322330820.so)
dlopen failed for Game_Manager_folder/GameManager_209277367_322542887.so: Game_Manager_folder/GameManager_209277367_322542887.so: cannot open shared object file: No such file or directory
dlopen failed for Game_Manager_folder/GameManager_318885712_208230862.so: Game_Manager_folder/GameManager_318885712_208230862.so: undefined symbol: _ZN30UserCommon_318885712_20823086210Directions10dirToIndexB5cxx11E
dlopen failed for Game_Manager_folder/GameManager_322728148_206855835.so: Game_Manager_folder/GameManager_322728148_206855835.so: undefined symbol: _ZN23GameManagerRegistrationC1ESt8functionIFSt10unique_ptrI19AbstractGameManagerSt14default_deleteIS2_EEvEE
dlopen failed for Game_Manager_folder/GameManager_318772340_206580102.so: Game_Manager_folder/GameManager_318772340_206580102.so: invalid ELF header
dlopen failed for Game_Manager_folder/GameManager_206825176_319089256.so: Game_Manager_folder/GameManager_206825176_319089256.so: undefined symbol: _ZN30UserCommon_206825176_3190892564Tank10cancelMoveEv
dlopen failed for Game_Manager_folder/GameManager_207004615_322270851 (2).so: Game_Manager_folder/GameManager_207004615_322270851 (2).so: undefined symbol: _Z8getDelta9Direction
    Map: maps/invalid_missing_cols_meta.txt
      Skipped (simulator failed, likely invalid map): maps/invalid_missing_cols_meta.txt
dlopen failed for Game_Manager_folder/GameManager_209399021_208239152.so: Game_Manager_folder/GameManager_209399021_208239152.so: undefined symbol: _ZN30UserCommon_209399021_20823915216SatelliteViewImpC1Ev
dlopen failed for Game_Manager_folder/libGameManager_208011650_323870188.so: /lib/x86_64-linux-gnu/libc.so.6: version `GLIBC_2.38' not found (required by Game_Manager_folder/libGameManager_208011650_323870188.so)
dlopen failed for Game_Manager_folder/GameManager_0000.so: /lib/x86_64-linux-gnu/libc.so.6: version `GLIBC_2.38' not found (required by Game_Manager_folder/GameManager_0000.so)
dlopen failed for Game_Manager_folder/GameManager_211388913_322330820.so: /lib/x86_64-linux-gnu/libc.so.6: version `GLIBC_2.38' not found (required by Game_Manager_folder/GameManager_211388913_322330820.so)
dlopen failed for Game_Manager_folder/GameManager_209277367_322542887.so: Game_Manager_folder/GameManager_209277367_322542887.so: cannot open shared object file: No such file or directory
dlopen failed for Game_Manager_folder/GameManager_318885712_208230862.so: Game_Manager_folder/GameManager_318885712_208230862.so: undefined symbol: _ZN30UserCommon_318885712_20823086210Directions10dirToIndexB5cxx11E
dlopen failed for Game_Manager_folder/GameManager_322728148_206855835.so: Game_Manager_folder/GameManager_322728148_206855835.so: undefined symbol: _ZN23GameManagerRegistrationC1ESt8functionIFSt10unique_ptrI19AbstractGameManagerSt14default_deleteIS2_EEvEE
dlopen failed for Game_Manager_folder/GameManager_318772340_206580102.so: Game_Manager_folder/GameManager_318772340_206580102.so: invalid ELF header
dlopen failed for Game_Manager_folder/GameManager_206825176_319089256.so: Game_Manager_folder/GameManager_206825176_319089256.so: undefined symbol: _ZN30UserCommon_206825176_3190892564Tank10cancelMoveEv
dlopen failed for Game_Manager_folder/GameManager_207004615_322270851 (2).so: Game_Manager_folder/GameManager_207004615_322270851 (2).so: undefined symbol: _Z8getDelta9Direction
    Map: maps/invalid_missing_max_steps.txt
      Skipped (simulator failed, likely invalid map): maps/invalid_missing_max_steps.txt
dlopen failed for Game_Manager_folder/GameManager_209399021_208239152.so: Game_Manager_folder/GameManager_209399021_208239152.so: undefined symbol: _ZN30UserCommon_209399021_20823915216SatelliteViewImpC1Ev
dlopen failed for Game_Manager_folder/libGameManager_208011650_323870188.so: /lib/x86_64-linux-gnu/libc.so.6: version `GLIBC_2.38' not found (required by Game_Manager_folder/libGameManager_208011650_323870188.so)
dlopen failed for Game_Manager_folder/GameManager_0000.so: /lib/x86_64-linux-gnu/libc.so.6: version `GLIBC_2.38' not found (required by Game_Manager_folder/GameManager_0000.so)
dlopen failed for Game_Manager_folder/GameManager_211388913_322330820.so: /lib/x86_64-linux-gnu/libc.so.6: version `GLIBC_2.38' not found (required by Game_Manager_folder/GameManager_211388913_322330820.so)
dlopen failed for Game_Manager_folder/GameManager_209277367_322542887.so: Game_Manager_folder/GameManager_209277367_322542887.so: cannot open shared object file: No such file or directory
dlopen failed for Game_Manager_folder/GameManager_318885712_208230862.so: Game_Manager_folder/GameManager_318885712_208230862.so: undefined symbol: _ZN30UserCommon_318885712_20823086210Directions10dirToIndexB5cxx11E
dlopen failed for Game_Manager_folder/GameManager_322728148_206855835.so: Game_Manager_folder/GameManager_322728148_206855835.so: undefined symbol: _ZN23GameManagerRegistrationC1ESt8functionIFSt10unique_ptrI19AbstractGameManagerSt14default_deleteIS2_EEvEE
dlopen failed for Game_Manager_folder/GameManager_318772340_206580102.so: Game_Manager_folder/GameManager_318772340_206580102.so: invalid ELF header
dlopen failed for Game_Manager_folder/GameManager_206825176_319089256.so: Game_Manager_folder/GameManager_206825176_319089256.so: undefined symbol: _ZN30UserCommon_206825176_3190892564Tank10cancelMoveEv
dlopen failed for Game_Manager_folder/GameManager_207004615_322270851 (2).so: Game_Manager_folder/GameManager_207004615_322270851 (2).so: undefined symbol: _Z8getDelta9Direction
    Map: maps/invalid_missing_rows_meta.txt
      Skipped (simulator failed, likely invalid map): maps/invalid_missing_rows_meta.txt
dlopen failed for Game_Manager_folder/GameManager_209399021_208239152.so: Game_Manager_folder/GameManager_209399021_208239152.so: undefined symbol: _ZN30UserCommon_209399021_20823915216SatelliteViewImpC1Ev
dlopen failed for Game_Manager_folder/libGameManager_208011650_323870188.so: /lib/x86_64-linux-gnu/libc.so.6: version `GLIBC_2.38' not found (required by Game_Manager_folder/libGameManager_208011650_323870188.so)
dlopen failed for Game_Manager_folder/GameManager_0000.so: /lib/x86_64-linux-gnu/libc.so.6: version `GLIBC_2.38' not found (required by Game_Manager_folder/GameManager_0000.so)
dlopen failed for Game_Manager_folder/GameManager_211388913_322330820.so: /lib/x86_64-linux-gnu/libc.so.6: version `GLIBC_2.38' not found (required by Game_Manager_folder/GameManager_211388913_322330820.so)
dlopen failed for Game_Manager_folder/GameManager_209277367_322542887.so: Game_Manager_folder/GameManager_209277367_322542887.so: cannot open shared object file: No such file or directory
dlopen failed for Game_Manager_folder/GameManager_318885712_208230862.so: Game_Manager_folder/GameManager_318885712_208230862.so: undefined symbol: _ZN30UserCommon_318885712_20823086210Directions10dirToIndexB5cxx11E
dlopen failed for Game_Manager_folder/GameManager_322728148_206855835.so: Game_Manager_folder/GameManager_322728148_206855835.so: undefined symbol: _ZN23GameManagerRegistrationC1ESt8functionIFSt10unique_ptrI19AbstractGameManagerSt14default_deleteIS2_EEvEE
dlopen failed for Game_Manager_folder/GameManager_318772340_206580102.so: Game_Manager_folder/GameManager_318772340_206580102.so: invalid ELF header
dlopen failed for Game_Manager_folder/GameManager_206825176_319089256.so: Game_Manager_folder/GameManager_206825176_319089256.so: undefined symbol: _ZN30UserCommon_206825176_3190892564Tank10cancelMoveEv
dlopen failed for Game_Manager_folder/GameManager_207004615_322270851 (2).so: Game_Manager_folder/GameManager_207004615_322270851 (2).so: undefined symbol: _Z8getDelta9Direction
    Map: maps/invalid_no_player2.txt
      Skipped (simulator failed, likely invalid map): maps/invalid_no_player2.txt
dlopen failed for Game_Manager_folder/GameManager_209399021_208239152.so: Game_Manager_folder/GameManager_209399021_208239152.so: undefined symbol: _ZN30UserCommon_209399021_20823915216SatelliteViewImpC1Ev
dlopen failed for Game_Manager_folder/libGameManager_208011650_323870188.so: /lib/x86_64-linux-gnu/libc.so.6: version `GLIBC_2.38' not found (required by Game_Manager_folder/libGameManager_208011650_323870188.so)
dlopen failed for Game_Manager_folder/GameManager_0000.so: /lib/x86_64-linux-gnu/libc.so.6: version `GLIBC_2.38' not found (required by Game_Manager_folder/GameManager_0000.so)
dlopen failed for Game_Manager_folder/GameManager_211388913_322330820.so: /lib/x86_64-linux-gnu/libc.so.6: version `GLIBC_2.38' not found (required by Game_Manager_folder/GameManager_211388913_322330820.so)
dlopen failed for Game_Manager_folder/GameManager_209277367_322542887.so: Game_Manager_folder/GameManager_209277367_322542887.so: cannot open shared object file: No such file or directory
dlopen failed for Game_Manager_folder/GameManager_318885712_208230862.so: Game_Manager_folder/GameManager_318885712_208230862.so: undefined symbol: _ZN30UserCommon_318885712_20823086210Directions10dirToIndexB5cxx11E
dlopen failed for Game_Manager_folder/GameManager_322728148_206855835.so: Game_Manager_folder/GameManager_322728148_206855835.so: undefined symbol: _ZN23GameManagerRegistrationC1ESt8functionIFSt10unique_ptrI19AbstractGameManagerSt14default_deleteIS2_EEvEE
dlopen failed for Game_Manager_folder/GameManager_318772340_206580102.so: Game_Manager_folder/GameManager_318772340_206580102.so: invalid ELF header
dlopen failed for Game_Manager_folder/GameManager_206825176_319089256.so: Game_Manager_folder/GameManager_206825176_319089256.so: undefined symbol: _ZN30UserCommon_206825176_3190892564Tank10cancelMoveEv
dlopen failed for Game_Manager_folder/GameManager_207004615_322270851 (2).so: Game_Manager_folder/GameManager_207004615_322270851 (2).so: undefined symbol: _Z8getDelta9Direction
    Map: maps/valid_extra_cols.txt
      Skipped (simulator failed, likely invalid map): maps/valid_extra_cols.txt
dlopen failed for Game_Manager_folder/GameManager_209399021_208239152.so: Game_Manager_folder/GameManager_209399021_208239152.so: undefined symbol: _ZN30UserCommon_209399021_20823915216SatelliteViewImpC1Ev
dlopen failed for Game_Manager_folder/libGameManager_208011650_323870188.so: /lib/x86_64-linux-gnu/libc.so.6: version `GLIBC_2.38' not found (required by Game_Manager_folder/libGameManager_208011650_323870188.so)
dlopen failed for Game_Manager_folder/GameManager_0000.so: /lib/x86_64-linux-gnu/libc.so.6: version `GLIBC_2.38' not found (required by Game_Manager_folder/GameManager_0000.so)
dlopen failed for Game_Manager_folder/GameManager_211388913_322330820.so: /lib/x86_64-linux-gnu/libc.so.6: version `GLIBC_2.38' not found (required by Game_Manager_folder/GameManager_211388913_322330820.so)
dlopen failed for Game_Manager_folder/GameManager_209277367_322542887.so: Game_Manager_folder/GameManager_209277367_322542887.so: cannot open shared object file: No such file or directory
dlopen failed for Game_Manager_folder/GameManager_318885712_208230862.so: Game_Manager_folder/GameManager_318885712_208230862.so: undefined symbol: _ZN30UserCommon_318885712_20823086210Directions10dirToIndexB5cxx11E
dlopen failed for Game_Manager_folder/GameManager_322728148_206855835.so: Game_Manager_folder/GameManager_322728148_206855835.so: undefined symbol: _ZN23GameManagerRegistrationC1ESt8functionIFSt10unique_ptrI19AbstractGameManagerSt14default_deleteIS2_EEvEE
dlopen failed for Game_Manager_folder/GameManager_318772340_206580102.so: Game_Manager_folder/GameManager_318772340_206580102.so: invalid ELF header
dlopen failed for Game_Manager_folder/GameManager_206825176_319089256.so: Game_Manager_folder/GameManager_206825176_319089256.so: undefined symbol: _ZN30UserCommon_206825176_3190892564Tank10cancelMoveEv
dlopen failed for Game_Manager_folder/GameManager_207004615_322270851 (2).so: Game_Manager_folder/GameManager_207004615_322270851 (2).so: undefined symbol: _Z8getDelta9Direction
    Map: maps/valid_extra_rows.txt
      Skipped (simulator failed, likely invalid map): maps/valid_extra_rows.txt
dlopen failed for Game_Manager_folder/GameManager_209399021_208239152.so: Game_Manager_folder/GameManager_209399021_208239152.so: undefined symbol: _ZN30UserCommon_209399021_20823915216SatelliteViewImpC1Ev
dlopen failed for Game_Manager_folder/libGameManager_208011650_323870188.so: /lib/x86_64-linux-gnu/libc.so.6: version `GLIBC_2.38' not found (required by Game_Manager_folder/libGameManager_208011650_323870188.so)
dlopen failed for Game_Manager_folder/GameManager_0000.so: /lib/x86_64-linux-gnu/libc.so.6: version `GLIBC_2.38' not found (required by Game_Manager_folder/GameManager_0000.so)
dlopen failed for Game_Manager_folder/GameManager_211388913_322330820.so: /lib/x86_64-linux-gnu/libc.so.6: version `GLIBC_2.38' not found (required by Game_Manager_folder/GameManager_211388913_322330820.so)
dlopen failed for Game_Manager_folder/GameManager_209277367_322542887.so: Game_Manager_folder/GameManager_209277367_322542887.so: cannot open shared object file: No such file or directory
dlopen failed for Game_Manager_folder/GameManager_318885712_208230862.so: Game_Manager_folder/GameManager_318885712_208230862.so: undefined symbol: _ZN30UserCommon_318885712_20823086210Directions10dirToIndexB5cxx11E
dlopen failed for Game_Manager_folder/GameManager_322728148_206855835.so: Game_Manager_folder/GameManager_322728148_206855835.so: undefined symbol: _ZN23GameManagerRegistrationC1ESt8functionIFSt10unique_ptrI19AbstractGameManagerSt14default_deleteIS2_EEvEE
dlopen failed for Game_Manager_folder/GameManager_318772340_206580102.so: Game_Manager_folder/GameManager_318772340_206580102.so: invalid ELF header
dlopen failed for Game_Manager_folder/GameManager_206825176_319089256.so: Game_Manager_folder/GameManager_206825176_319089256.so: undefined symbol: _ZN30UserCommon_206825176_3190892564Tank10cancelMoveEv
dlopen failed for Game_Manager_folder/GameManager_207004615_322270851 (2).so: Game_Manager_folder/GameManager_207004615_322270851 (2).so: undefined symbol: _Z8getDelta9Direction
    Map: maps/valid_input_2v7.txt
      Skipped (simulator failed, likely invalid map): maps/valid_input_2v7.txt
dlopen failed for Game_Manager_folder/GameManager_209399021_208239152.so: Game_Manager_folder/GameManager_209399021_208239152.so: undefined symbol: _ZN30UserCommon_209399021_20823915216SatelliteViewImpC1Ev
dlopen failed for Game_Manager_folder/libGameManager_208011650_323870188.so: /lib/x86_64-linux-gnu/libc.so.6: version `GLIBC_2.38' not found (required by Game_Manager_folder/libGameManager_208011650_323870188.so)
dlopen failed for Game_Manager_folder/GameManager_0000.so: /lib/x86_64-linux-gnu/libc.so.6: version `GLIBC_2.38' not found (required by Game_Manager_folder/GameManager_0000.so)
dlopen failed for Game_Manager_folder/GameManager_211388913_322330820.so: /lib/x86_64-linux-gnu/libc.so.6: version `GLIBC_2.38' not found (required by Game_Manager_folder/GameManager_211388913_322330820.so)
dlopen failed for Game_Manager_folder/GameManager_209277367_322542887.so: Game_Manager_folder/GameManager_209277367_322542887.so: cannot open shared object file: No such file or directory
dlopen failed for Game_Manager_folder/GameManager_318885712_208230862.so: Game_Manager_folder/GameManager_318885712_208230862.so: undefined symbol: _ZN30UserCommon_318885712_20823086210Directions10dirToIndexB5cxx11E
dlopen failed for Game_Manager_folder/GameManager_322728148_206855835.so: Game_Manager_folder/GameManager_322728148_206855835.so: undefined symbol: _ZN23GameManagerRegistrationC1ESt8functionIFSt10unique_ptrI19AbstractGameManagerSt14default_deleteIS2_EEvEE
dlopen failed for Game_Manager_folder/GameManager_318772340_206580102.so: Game_Manager_folder/GameManager_318772340_206580102.so: invalid ELF header
dlopen failed for Game_Manager_folder/GameManager_206825176_319089256.so: Game_Manager_folder/GameManager_206825176_319089256.so: undefined symbol: _ZN30UserCommon_206825176_3190892564Tank10cancelMoveEv
dlopen failed for Game_Manager_folder/GameManager_207004615_322270851 (2).so: Game_Manager_folder/GameManager_207004615_322270851 (2).so: undefined symbol: _Z8getDelta9Direction
    Map: maps/valid_input_3v3_P1_trapped.txt
      Skipped (simulator failed, likely invalid map): maps/valid_input_3v3_P1_trapped.txt
dlopen failed for Game_Manager_folder/GameManager_209399021_208239152.so: Game_Manager_folder/GameManager_209399021_208239152.so: undefined symbol: _ZN30UserCommon_209399021_20823915216SatelliteViewImpC1Ev
dlopen failed for Game_Manager_folder/libGameManager_208011650_323870188.so: /lib/x86_64-linux-gnu/libc.so.6: version `GLIBC_2.38' not found (required by Game_Manager_folder/libGameManager_208011650_323870188.so)
dlopen failed for Game_Manager_folder/GameManager_0000.so: /lib/x86_64-linux-gnu/libc.so.6: version `GLIBC_2.38' not found (required by Game_Manager_folder/GameManager_0000.so)
dlopen failed for Game_Manager_folder/GameManager_211388913_322330820.so: /lib/x86_64-linux-gnu/libc.so.6: version `GLIBC_2.38' not found (required by Game_Manager_folder/GameManager_211388913_322330820.so)
dlopen failed for Game_Manager_folder/GameManager_209277367_322542887.so: Game_Manager_folder/GameManager_209277367_322542887.so: cannot open shared object file: No such file or directory
dlopen failed for Game_Manager_folder/GameManager_318885712_208230862.so: Game_Manager_folder/GameManager_318885712_208230862.so: undefined symbol: _ZN30UserCommon_318885712_20823086210Directions10dirToIndexB5cxx11E
dlopen failed for Game_Manager_folder/GameManager_322728148_206855835.so: Game_Manager_folder/GameManager_322728148_206855835.so: undefined symbol: _ZN23GameManagerRegistrationC1ESt8functionIFSt10unique_ptrI19AbstractGameManagerSt14default_deleteIS2_EEvEE
dlopen failed for Game_Manager_folder/GameManager_318772340_206580102.so: Game_Manager_folder/GameManager_318772340_206580102.so: invalid ELF header
dlopen failed for Game_Manager_folder/GameManager_206825176_319089256.so: Game_Manager_folder/GameManager_206825176_319089256.so: undefined symbol: _ZN30UserCommon_206825176_3190892564Tank10cancelMoveEv
dlopen failed for Game_Manager_folder/GameManager_207004615_322270851 (2).so: Game_Manager_folder/GameManager_207004615_322270851 (2).so: undefined symbol: _Z8getDelta9Direction
    Map: maps/valid_input_3v3_P2_trapped.txt
      Skipped (simulator failed, likely invalid map): maps/valid_input_3v3_P2_trapped.txt
dlopen failed for Game_Manager_folder/GameManager_209399021_208239152.so: Game_Manager_folder/GameManager_209399021_208239152.so: undefined symbol: _ZN30UserCommon_209399021_20823915216SatelliteViewImpC1Ev
dlopen failed for Game_Manager_folder/libGameManager_208011650_323870188.so: /lib/x86_64-linux-gnu/libc.so.6: version `GLIBC_2.38' not found (required by Game_Manager_folder/libGameManager_208011650_323870188.so)
dlopen failed for Game_Manager_folder/GameManager_0000.so: /lib/x86_64-linux-gnu/libc.so.6: version `GLIBC_2.38' not found (required by Game_Manager_folder/GameManager_0000.so)
dlopen failed for Game_Manager_folder/GameManager_211388913_322330820.so: /lib/x86_64-linux-gnu/libc.so.6: version `GLIBC_2.38' not found (required by Game_Manager_folder/GameManager_211388913_322330820.so)
dlopen failed for Game_Manager_folder/GameManager_209277367_322542887.so: Game_Manager_folder/GameManager_209277367_322542887.so: cannot open shared object file: No such file or directory
dlopen failed for Game_Manager_folder/GameManager_318885712_208230862.so: Game_Manager_folder/GameManager_318885712_208230862.so: undefined symbol: _ZN30UserCommon_318885712_20823086210Directions10dirToIndexB5cxx11E
dlopen failed for Game_Manager_folder/GameManager_322728148_206855835.so: Game_Manager_folder/GameManager_322728148_206855835.so: undefined symbol: _ZN23GameManagerRegistrationC1ESt8functionIFSt10unique_ptrI19AbstractGameManagerSt14default_deleteIS2_EEvEE
dlopen failed for Game_Manager_folder/GameManager_318772340_206580102.so: Game_Manager_folder/GameManager_318772340_206580102.so: invalid ELF header
dlopen failed for Game_Manager_folder/GameManager_206825176_319089256.so: Game_Manager_folder/GameManager_206825176_319089256.so: undefined symbol: _ZN30UserCommon_206825176_3190892564Tank10cancelMoveEv
dlopen failed for Game_Manager_folder/GameManager_207004615_322270851 (2).so: Game_Manager_folder/GameManager_207004615_322270851 (2).so: undefined symbol: _Z8getDelta9Direction
    Map: maps/valid_input_7v2.txt
      Skipped (simulator failed, likely invalid map): maps/valid_input_7v2.txt
dlopen failed for Game_Manager_folder/GameManager_209399021_208239152.so: Game_Manager_folder/GameManager_209399021_208239152.so: undefined symbol: _ZN30UserCommon_209399021_20823915216SatelliteViewImpC1Ev
dlopen failed for Game_Manager_folder/libGameManager_208011650_323870188.so: /lib/x86_64-linux-gnu/libc.so.6: version `GLIBC_2.38' not found (required by Game_Manager_folder/libGameManager_208011650_323870188.so)
dlopen failed for Game_Manager_folder/GameManager_0000.so: /lib/x86_64-linux-gnu/libc.so.6: version `GLIBC_2.38' not found (required by Game_Manager_folder/GameManager_0000.so)
dlopen failed for Game_Manager_folder/GameManager_211388913_322330820.so: /lib/x86_64-linux-gnu/libc.so.6: version `GLIBC_2.38' not found (required by Game_Manager_folder/GameManager_211388913_322330820.so)
dlopen failed for Game_Manager_folder/GameManager_209277367_322542887.so: Game_Manager_folder/GameManager_209277367_322542887.so: cannot open shared object file: No such file or directory
dlopen failed for Game_Manager_folder/GameManager_318885712_208230862.so: Game_Manager_folder/GameManager_318885712_208230862.so: undefined symbol: _ZN30UserCommon_318885712_20823086210Directions10dirToIndexB5cxx11E
dlopen failed for Game_Manager_folder/GameManager_322728148_206855835.so: Game_Manager_folder/GameManager_322728148_206855835.so: undefined symbol: _ZN23GameManagerRegistrationC1ESt8functionIFSt10unique_ptrI19AbstractGameManagerSt14default_deleteIS2_EEvEE
dlopen failed for Game_Manager_folder/GameManager_318772340_206580102.so: Game_Manager_folder/GameManager_318772340_206580102.so: invalid ELF header
dlopen failed for Game_Manager_folder/GameManager_206825176_319089256.so: Game_Manager_folder/GameManager_206825176_319089256.so: undefined symbol: _ZN30UserCommon_206825176_3190892564Tank10cancelMoveEv
dlopen failed for Game_Manager_folder/GameManager_207004615_322270851 (2).so: Game_Manager_folder/GameManager_207004615_322270851 (2).so: undefined symbol: _Z8getDelta9Direction
    Map: maps/valid_input_complex.txt
      Skipped (simulator failed, likely invalid map): maps/valid_input_complex.txt
dlopen failed for Game_Manager_folder/GameManager_209399021_208239152.so: Game_Manager_folder/GameManager_209399021_208239152.so: undefined symbol: _ZN30UserCommon_209399021_20823915216SatelliteViewImpC1Ev
dlopen failed for Game_Manager_folder/libGameManager_208011650_323870188.so: /lib/x86_64-linux-gnu/libc.so.6: version `GLIBC_2.38' not found (required by Game_Manager_folder/libGameManager_208011650_323870188.so)
dlopen failed for Game_Manager_folder/GameManager_0000.so: /lib/x86_64-linux-gnu/libc.so.6: version `GLIBC_2.38' not found (required by Game_Manager_folder/GameManager_0000.so)
dlopen failed for Game_Manager_folder/GameManager_211388913_322330820.so: /lib/x86_64-linux-gnu/libc.so.6: version `GLIBC_2.38' not found (required by Game_Manager_folder/GameManager_211388913_322330820.so)
dlopen failed for Game_Manager_folder/GameManager_209277367_322542887.so: Game_Manager_folder/GameManager_209277367_322542887.so: cannot open shared object file: No such file or directory
dlopen failed for Game_Manager_folder/GameManager_318885712_208230862.so: Game_Manager_folder/GameManager_318885712_208230862.so: undefined symbol: _ZN30UserCommon_318885712_20823086210Directions10dirToIndexB5cxx11E
dlopen failed for Game_Manager_folder/GameManager_322728148_206855835.so: Game_Manager_folder/GameManager_322728148_206855835.so: undefined symbol: _ZN23GameManagerRegistrationC1ESt8functionIFSt10unique_ptrI19AbstractGameManagerSt14default_deleteIS2_EEvEE
dlopen failed for Game_Manager_folder/GameManager_318772340_206580102.so: Game_Manager_folder/GameManager_318772340_206580102.so: invalid ELF header
dlopen failed for Game_Manager_folder/GameManager_206825176_319089256.so: Game_Manager_folder/GameManager_206825176_319089256.so: undefined symbol: _ZN30UserCommon_206825176_3190892564Tank10cancelMoveEv
dlopen failed for Game_Manager_folder/GameManager_207004615_322270851 (2).so: Game_Manager_folder/GameManager_207004615_322270851 (2).so: undefined symbol: _Z8getDelta9Direction
    Map: maps/valid_input_minefield.txt
      Skipped (simulator failed, likely invalid map): maps/valid_input_minefield.txt
dlopen failed for Game_Manager_folder/GameManager_209399021_208239152.so: Game_Manager_folder/GameManager_209399021_208239152.so: undefined symbol: _ZN30UserCommon_209399021_20823915216SatelliteViewImpC1Ev
dlopen failed for Game_Manager_folder/libGameManager_208011650_323870188.so: /lib/x86_64-linux-gnu/libc.so.6: version `GLIBC_2.38' not found (required by Game_Manager_folder/libGameManager_208011650_323870188.so)
dlopen failed for Game_Manager_folder/GameManager_0000.so: /lib/x86_64-linux-gnu/libc.so.6: version `GLIBC_2.38' not found (required by Game_Manager_folder/GameManager_0000.so)
dlopen failed for Game_Manager_folder/GameManager_211388913_322330820.so: /lib/x86_64-linux-gnu/libc.so.6: version `GLIBC_2.38' not found (required by Game_Manager_folder/GameManager_211388913_322330820.so)
dlopen failed for Game_Manager_folder/GameManager_209277367_322542887.so: Game_Manager_folder/GameManager_209277367_322542887.so: cannot open shared object file: No such file or directory
dlopen failed for Game_Manager_folder/GameManager_318885712_208230862.so: Game_Manager_folder/GameManager_318885712_208230862.so: undefined symbol: _ZN30UserCommon_318885712_20823086210Directions10dirToIndexB5cxx11E
dlopen failed for Game_Manager_folder/GameManager_322728148_206855835.so: Game_Manager_folder/GameManager_322728148_206855835.so: undefined symbol: _ZN23GameManagerRegistrationC1ESt8functionIFSt10unique_ptrI19AbstractGameManagerSt14default_deleteIS2_EEvEE
dlopen failed for Game_Manager_folder/GameManager_318772340_206580102.so: Game_Manager_folder/GameManager_318772340_206580102.so: invalid ELF header
dlopen failed for Game_Manager_folder/GameManager_206825176_319089256.so: Game_Manager_folder/GameManager_206825176_319089256.so: undefined symbol: _ZN30UserCommon_206825176_3190892564Tank10cancelMoveEv
dlopen failed for Game_Manager_folder/GameManager_207004615_322270851 (2).so: Game_Manager_folder/GameManager_207004615_322270851 (2).so: undefined symbol: _Z8getDelta9Direction
    Map: maps/valid_input_simple.txt
      Skipped (simulator failed, likely invalid map): maps/valid_input_simple.txt
dlopen failed for Game_Manager_folder/GameManager_209399021_208239152.so: Game_Manager_folder/GameManager_209399021_208239152.so: undefined symbol: _ZN30UserCommon_209399021_20823915216SatelliteViewImpC1Ev
dlopen failed for Game_Manager_folder/libGameManager_208011650_323870188.so: /lib/x86_64-linux-gnu/libc.so.6: version `GLIBC_2.38' not found (required by Game_Manager_folder/libGameManager_208011650_323870188.so)
dlopen failed for Game_Manager_folder/GameManager_0000.so: /lib/x86_64-linux-gnu/libc.so.6: version `GLIBC_2.38' not found (required by Game_Manager_folder/GameManager_0000.so)
dlopen failed for Game_Manager_folder/GameManager_211388913_322330820.so: /lib/x86_64-linux-gnu/libc.so.6: version `GLIBC_2.38' not found (required by Game_Manager_folder/GameManager_211388913_322330820.so)
dlopen failed for Game_Manager_folder/GameManager_209277367_322542887.so: Game_Manager_folder/GameManager_209277367_322542887.so: cannot open shared object file: No such file or directory
dlopen failed for Game_Manager_folder/GameManager_318885712_208230862.so: Game_Manager_folder/GameManager_318885712_208230862.so: undefined symbol: _ZN30UserCommon_318885712_20823086210Directions10dirToIndexB5cxx11E
dlopen failed for Game_Manager_folder/GameManager_322728148_206855835.so: Game_Manager_folder/GameManager_322728148_206855835.so: undefined symbol: _ZN23GameManagerRegistrationC1ESt8functionIFSt10unique_ptrI19AbstractGameManagerSt14default_deleteIS2_EEvEE
dlopen failed for Game_Manager_folder/GameManager_318772340_206580102.so: Game_Manager_folder/GameManager_318772340_206580102.so: invalid ELF header
dlopen failed for Game_Manager_folder/GameManager_206825176_319089256.so: Game_Manager_folder/GameManager_206825176_319089256.so: undefined symbol: _ZN30UserCommon_206825176_3190892564Tank10cancelMoveEv
dlopen failed for Game_Manager_folder/GameManager_207004615_322270851 (2).so: Game_Manager_folder/GameManager_207004615_322270851 (2).so: undefined symbol: _Z8getDelta9Direction
    Map: maps/valid_missing_rows.txt
      Skipped (simulator failed, likely invalid map): maps/valid_missing_rows.txt
dlopen failed for Game_Manager_folder/GameManager_209399021_208239152.so: Game_Manager_folder/GameManager_209399021_208239152.so: undefined symbol: _ZN30UserCommon_209399021_20823915216SatelliteViewImpC1Ev
dlopen failed for Game_Manager_folder/libGameManager_208011650_323870188.so: /lib/x86_64-linux-gnu/libc.so.6: version `GLIBC_2.38' not found (required by Game_Manager_folder/libGameManager_208011650_323870188.so)
dlopen failed for Game_Manager_folder/GameManager_0000.so: /lib/x86_64-linux-gnu/libc.so.6: version `GLIBC_2.38' not found (required by Game_Manager_folder/GameManager_0000.so)
dlopen failed for Game_Manager_folder/GameManager_211388913_322330820.so: /lib/x86_64-linux-gnu/libc.so.6: version `GLIBC_2.38' not found (required by Game_Manager_folder/GameManager_211388913_322330820.so)
dlopen failed for Game_Manager_folder/GameManager_209277367_322542887.so: Game_Manager_folder/GameManager_209277367_322542887.so: cannot open shared object file: No such file or directory
dlopen failed for Game_Manager_folder/GameManager_318885712_208230862.so: Game_Manager_folder/GameManager_318885712_208230862.so: undefined symbol: _ZN30UserCommon_318885712_20823086210Directions10dirToIndexB5cxx11E
dlopen failed for Game_Manager_folder/GameManager_322728148_206855835.so: Game_Manager_folder/GameManager_322728148_206855835.so: undefined symbol: _ZN23GameManagerRegistrationC1ESt8functionIFSt10unique_ptrI19AbstractGameManagerSt14default_deleteIS2_EEvEE
dlopen failed for Game_Manager_folder/GameManager_318772340_206580102.so: Game_Manager_folder/GameManager_318772340_206580102.so: invalid ELF header
dlopen failed for Game_Manager_folder/GameManager_206825176_319089256.so: Game_Manager_folder/GameManager_206825176_319089256.so: undefined symbol: _ZN30UserCommon_206825176_3190892564Tank10cancelMoveEv
dlopen failed for Game_Manager_folder/GameManager_207004615_322270851 (2).so: Game_Manager_folder/GameManager_207004615_322270851 (2).so: undefined symbol: _Z8getDelta9Direction
    Map: maps/valid_mixed_size.txt
      Skipped (simulator failed, likely invalid map): maps/valid_mixed_size.txt
dlopen failed for Game_Manager_folder/GameManager_209399021_208239152.so: Game_Manager_folder/GameManager_209399021_208239152.so: undefined symbol: _ZN30UserCommon_209399021_20823915216SatelliteViewImpC1Ev
dlopen failed for Game_Manager_folder/libGameManager_208011650_323870188.so: /lib/x86_64-linux-gnu/libc.so.6: version `GLIBC_2.38' not found (required by Game_Manager_folder/libGameManager_208011650_323870188.so)
dlopen failed for Game_Manager_folder/GameManager_0000.so: /lib/x86_64-linux-gnu/libc.so.6: version `GLIBC_2.38' not found (required by Game_Manager_folder/GameManager_0000.so)
dlopen failed for Game_Manager_folder/GameManager_211388913_322330820.so: /lib/x86_64-linux-gnu/libc.so.6: version `GLIBC_2.38' not found (required by Game_Manager_folder/GameManager_211388913_322330820.so)
dlopen failed for Game_Manager_folder/GameManager_209277367_322542887.so: Game_Manager_folder/GameManager_209277367_322542887.so: cannot open shared object file: No such file or directory
dlopen failed for Game_Manager_folder/GameManager_318885712_208230862.so: Game_Manager_folder/GameManager_318885712_208230862.so: undefined symbol: _ZN30UserCommon_318885712_20823086210Directions10dirToIndexB5cxx11E
dlopen failed for Game_Manager_folder/GameManager_322728148_206855835.so: Game_Manager_folder/GameManager_322728148_206855835.so: undefined symbol: _ZN23GameManagerRegistrationC1ESt8functionIFSt10unique_ptrI19AbstractGameManagerSt14default_deleteIS2_EEvEE
dlopen failed for Game_Manager_folder/GameManager_318772340_206580102.so: Game_Manager_folder/GameManager_318772340_206580102.so: invalid ELF header
dlopen failed for Game_Manager_folder/GameManager_206825176_319089256.so: Game_Manager_folder/GameManager_206825176_319089256.so: undefined symbol: _ZN30UserCommon_206825176_3190892564Tank10cancelMoveEv
dlopen failed for Game_Manager_folder/GameManager_207004615_322270851 (2).so: Game_Manager_folder/GameManager_207004615_322270851 (2).so: undefined symbol: _Z8getDelta9Direction
    Map: maps/valid_short_rows.txt
      Skipped (simulator failed, likely invalid map): maps/valid_short_rows.txt
dlopen failed for Game_Manager_folder/GameManager_209399021_208239152.so: Game_Manager_folder/GameManager_209399021_208239152.so: undefined symbol: _ZN30UserCommon_209399021_20823915216SatelliteViewImpC1Ev
dlopen failed for Game_Manager_folder/libGameManager_208011650_323870188.so: /lib/x86_64-linux-gnu/libc.so.6: version `GLIBC_2.38' not found (required by Game_Manager_folder/libGameManager_208011650_323870188.so)
dlopen failed for Game_Manager_folder/GameManager_0000.so: /lib/x86_64-linux-gnu/libc.so.6: version `GLIBC_2.38' not found (required by Game_Manager_folder/GameManager_0000.so)
dlopen failed for Game_Manager_folder/GameManager_211388913_322330820.so: /lib/x86_64-linux-gnu/libc.so.6: version `GLIBC_2.38' not found (required by Game_Manager_folder/GameManager_211388913_322330820.so)
dlopen failed for Game_Manager_folder/GameManager_209277367_322542887.so: Game_Manager_folder/GameManager_209277367_322542887.so: cannot open shared object file: No such file or directory
dlopen failed for Game_Manager_folder/GameManager_318885712_208230862.so: Game_Manager_folder/GameManager_318885712_208230862.so: undefined symbol: _ZN30UserCommon_318885712_20823086210Directions10dirToIndexB5cxx11E
dlopen failed for Game_Manager_folder/GameManager_322728148_206855835.so: Game_Manager_folder/GameManager_322728148_206855835.so: undefined symbol: _ZN23GameManagerRegistrationC1ESt8functionIFSt10unique_ptrI19AbstractGameManagerSt14default_deleteIS2_EEvEE
dlopen failed for Game_Manager_folder/GameManager_318772340_206580102.so: Game_Manager_folder/GameManager_318772340_206580102.so: invalid ELF header
dlopen failed for Game_Manager_folder/GameManager_206825176_319089256.so: Game_Manager_folder/GameManager_206825176_319089256.so: undefined symbol: _ZN30UserCommon_206825176_3190892564Tank10cancelMoveEv
dlopen failed for Game_Manager_folder/GameManager_207004615_322270851 (2).so: Game_Manager_folder/GameManager_207004615_322270851 (2).so: undefined symbol: _Z8getDelta9Direction
All GameManagers and maps tests completed (invalid maps/GMs skipped).
