==============================
Running: Algorithm/Algorithm_206480972_206899163.so vs Algorithm/Algorithm_206480972_206899163.so on maps/input_a.txt
==============================
3 number of rounds



==============================
Running: Algorithm/Algorithm_206480972_206899163.so vs Algorithm/Algorithm_206480972_206899163.so on maps/invalid_bad_char.txt
==============================
2 number of rounds



==============================
Running: Algorithm/Algorithm_206480972_206899163.so vs Algorithm/Algorithm_206480972_206899163.so on maps/invalid_missing_cols_meta.txt
==============================
Invalid map headers.
Line 5: expected header 'Cols=...', found '1'
Missing Cols value.
Fatal error: invalid map headers
FAILED: Algorithm/Algorithm_206480972_206899163.so vs Algorithm/Algorithm_206480972_206899163.so on maps/invalid_missing_cols_meta.txt



==============================
Running: Algorithm/Algorithm_206480972_206899163.so vs Algorithm/Algorithm_206480972_206899163.so on maps/invalid_missing_max_steps.txt
==============================
Invalid map headers.
Line 2: expected key 'MaxSteps', found 'NumShells'
Missing MaxSteps value.
Fatal error: invalid map headers
FAILED: Algorithm/Algorithm_206480972_206899163.so vs Algorithm/Algorithm_206480972_206899163.so on maps/invalid_missing_max_steps.txt



==============================
Running: Algorithm/Algorithm_206480972_206899163.so vs Algorithm/Algorithm_206480972_206899163.so on maps/invalid_missing_rows_meta.txt
==============================
Invalid map headers.
Line 4: expected key 'Rows', found 'Cols'
Missing Rows value.
Fatal error: invalid map headers
FAILED: Algorithm/Algorithm_206480972_206899163.so vs Algorithm/Algorithm_206480972_206899163.so on maps/invalid_missing_rows_meta.txt



==============================
Running: Algorithm/Algorithm_206480972_206899163.so vs Algorithm/Algorithm_206480972_206899163.so on maps/invalid_no_player2.txt
==============================



==============================
Running: Algorithm/Algorithm_206480972_206899163.so vs Algorithm/Algorithm_206480972_206899163.so on maps/valid_extra_cols.txt
==============================
3 number of rounds



==============================
Running: Algorithm/Algorithm_206480972_206899163.so vs Algorithm/Algorithm_206480972_206899163.so on maps/valid_extra_rows.txt
==============================
2 number of rounds



==============================
Running: Algorithm/Algorithm_206480972_206899163.so vs Algorithm/Algorithm_206480972_206899163.so on maps/valid_input_2v7.txt
==============================
4 number of rounds



==============================
Running: Algorithm/Algorithm_206480972_206899163.so vs Algorithm/Algorithm_206480972_206899163.so on maps/valid_input_3v3_P1_trapped.txt
==============================
9 number of rounds



==============================
Running: Algorithm/Algorithm_206480972_206899163.so vs Algorithm/Algorithm_206480972_206899163.so on maps/valid_input_3v3_P2_trapped.txt
==============================
5 number of rounds



==============================
Running: Algorithm/Algorithm_206480972_206899163.so vs Algorithm/Algorithm_206480972_206899163.so on maps/valid_input_7v2.txt
==============================
7 number of rounds



==============================
Running: Algorithm/Algorithm_206480972_206899163.so vs Algorithm/Algorithm_206480972_206899163.so on maps/valid_input_complex.txt
==============================
8000 number of rounds



==============================
Running: Algorithm/Algorithm_206480972_206899163.so vs Algorithm/Algorithm_206480972_206899163.so on maps/valid_input_minefield.txt
==============================
4 number of rounds



==============================
Running: Algorithm/Algorithm_206480972_206899163.so vs Algorithm/Algorithm_206480972_206899163.so on maps/valid_input_simple.txt
==============================
4 number of rounds



==============================
Running: Algorithm/Algorithm_206480972_206899163.so vs Algorithm/Algorithm_206480972_206899163.so on maps/valid_missing_rows.txt
==============================
2 number of rounds



==============================
Running: Algorithm/Algorithm_206480972_206899163.so vs Algorithm/Algorithm_206480972_206899163.so on maps/valid_mixed_size.txt
==============================
3 number of rounds



==============================
Running: Algorithm/Algorithm_206480972_206899163.so vs Algorithm/Algorithm_206480972_206899163.so on maps/valid_short_rows.txt
==============================
4 number of rounds



