==============================
Running competition on maps/input_a.txt with all algorithms in algorithm_folder
==============================
COMMAND: ./simulator_206480972_206899163 -competition game_maps_folder=maps game_manager=Game_Manager_folder/GameManager_206480972_206899163.so algorithms_folder=algorithm_folder -verbose
run_competition_all.sh: line 18: ./simulator_206480972_206899163: No such file or directory
FAILED: competition on maps/input_a.txt with Game_Manager_folder/GameManager_206480972_206899163.so and algorithm_folder



==============================
Running competition on maps/invalid_bad_char.txt with all algorithms in algorithm_folder
==============================
COMMAND: ./simulator_206480972_206899163 -competition game_maps_folder=maps game_manager=Game_Manager_folder/GameManager_206480972_206899163.so algorithms_folder=algorithm_folder -verbose
run_competition_all.sh: line 18: ./simulator_206480972_206899163: No such file or directory
FAILED: competition on maps/invalid_bad_char.txt with Game_Manager_folder/GameManager_206480972_206899163.so and algorithm_folder



==============================
Running competition on maps/invalid_missing_cols_meta.txt with all algorithms in algorithm_folder
==============================
COMMAND: ./simulator_206480972_206899163 -competition game_maps_folder=maps game_manager=Game_Manager_folder/GameManager_206480972_206899163.so algorithms_folder=algorithm_folder -verbose
run_competition_all.sh: line 18: ./simulator_206480972_206899163: No such file or directory
FAILED: competition on maps/invalid_missing_cols_meta.txt with Game_Manager_folder/GameManager_206480972_206899163.so and algorithm_folder



==============================
Running competition on maps/invalid_missing_max_steps.txt with all algorithms in algorithm_folder
==============================
COMMAND: ./simulator_206480972_206899163 -competition game_maps_folder=maps game_manager=Game_Manager_folder/GameManager_206480972_206899163.so algorithms_folder=algorithm_folder -verbose
run_competition_all.sh: line 18: ./simulator_206480972_206899163: No such file or directory
FAILED: competition on maps/invalid_missing_max_steps.txt with Game_Manager_folder/GameManager_206480972_206899163.so and algorithm_folder



==============================
Running competition on maps/invalid_missing_rows_meta.txt with all algorithms in algorithm_folder
==============================
COMMAND: ./simulator_206480972_206899163 -competition game_maps_folder=maps game_manager=Game_Manager_folder/GameManager_206480972_206899163.so algorithms_folder=algorithm_folder -verbose
run_competition_all.sh: line 18: ./simulator_206480972_206899163: No such file or directory
FAILED: competition on maps/invalid_missing_rows_meta.txt with Game_Manager_folder/GameManager_206480972_206899163.so and algorithm_folder



==============================
Running competition on maps/invalid_no_player2.txt with all algorithms in algorithm_folder
==============================
COMMAND: ./simulator_206480972_206899163 -competition game_maps_folder=maps game_manager=Game_Manager_folder/GameManager_206480972_206899163.so algorithms_folder=algorithm_folder -verbose
run_competition_all.sh: line 18: ./simulator_206480972_206899163: No such file or directory
FAILED: competition on maps/invalid_no_player2.txt with Game_Manager_folder/GameManager_206480972_206899163.so and algorithm_folder



==============================
Running competition on maps/valid_extra_cols.txt with all algorithms in algorithm_folder
==============================
COMMAND: ./simulator_206480972_206899163 -competition game_maps_folder=maps game_manager=Game_Manager_folder/GameManager_206480972_206899163.so algorithms_folder=algorithm_folder -verbose
run_competition_all.sh: line 18: ./simulator_206480972_206899163: No such file or directory
FAILED: competition on maps/valid_extra_cols.txt with Game_Manager_folder/GameManager_206480972_206899163.so and algorithm_folder



==============================
Running competition on maps/valid_extra_rows.txt with all algorithms in algorithm_folder
==============================
COMMAND: ./simulator_206480972_206899163 -competition game_maps_folder=maps game_manager=Game_Manager_folder/GameManager_206480972_206899163.so algorithms_folder=algorithm_folder -verbose
run_competition_all.sh: line 18: ./simulator_206480972_206899163: No such file or directory
FAILED: competition on maps/valid_extra_rows.txt with Game_Manager_folder/GameManager_206480972_206899163.so and algorithm_folder



==============================
Running competition on maps/valid_input_2v7.txt with all algorithms in algorithm_folder
==============================
COMMAND: ./simulator_206480972_206899163 -competition game_maps_folder=maps game_manager=Game_Manager_folder/GameManager_206480972_206899163.so algorithms_folder=algorithm_folder -verbose
run_competition_all.sh: line 18: ./simulator_206480972_206899163: No such file or directory
FAILED: competition on maps/valid_input_2v7.txt with Game_Manager_folder/GameManager_206480972_206899163.so and algorithm_folder



==============================
Running competition on maps/valid_input_3v3_P1_trapped.txt with all algorithms in algorithm_folder
==============================
COMMAND: ./simulator_206480972_206899163 -competition game_maps_folder=maps game_manager=Game_Manager_folder/GameManager_206480972_206899163.so algorithms_folder=algorithm_folder -verbose
run_competition_all.sh: line 18: ./simulator_206480972_206899163: No such file or directory
FAILED: competition on maps/valid_input_3v3_P1_trapped.txt with Game_Manager_folder/GameManager_206480972_206899163.so and algorithm_folder



==============================
Running competition on maps/valid_input_3v3_P2_trapped.txt with all algorithms in algorithm_folder
==============================
COMMAND: ./simulator_206480972_206899163 -competition game_maps_folder=maps game_manager=Game_Manager_folder/GameManager_206480972_206899163.so algorithms_folder=algorithm_folder -verbose
run_competition_all.sh: line 18: ./simulator_206480972_206899163: No such file or directory
FAILED: competition on maps/valid_input_3v3_P2_trapped.txt with Game_Manager_folder/GameManager_206480972_206899163.so and algorithm_folder



==============================
Running competition on maps/valid_input_7v2.txt with all algorithms in algorithm_folder
==============================
COMMAND: ./simulator_206480972_206899163 -competition game_maps_folder=maps game_manager=Game_Manager_folder/GameManager_206480972_206899163.so algorithms_folder=algorithm_folder -verbose
run_competition_all.sh: line 18: ./simulator_206480972_206899163: No such file or directory
FAILED: competition on maps/valid_input_7v2.txt with Game_Manager_folder/GameManager_206480972_206899163.so and algorithm_folder



==============================
Running competition on maps/valid_input_complex.txt with all algorithms in algorithm_folder
==============================
COMMAND: ./simulator_206480972_206899163 -competition game_maps_folder=maps game_manager=Game_Manager_folder/GameManager_206480972_206899163.so algorithms_folder=algorithm_folder -verbose
run_competition_all.sh: line 18: ./simulator_206480972_206899163: No such file or directory
FAILED: competition on maps/valid_input_complex.txt with Game_Manager_folder/GameManager_206480972_206899163.so and algorithm_folder



==============================
Running competition on maps/valid_input_minefield.txt with all algorithms in algorithm_folder
==============================
COMMAND: ./simulator_206480972_206899163 -competition game_maps_folder=maps game_manager=Game_Manager_folder/GameManager_206480972_206899163.so algorithms_folder=algorithm_folder -verbose
run_competition_all.sh: line 18: ./simulator_206480972_206899163: No such file or directory
FAILED: competition on maps/valid_input_minefield.txt with Game_Manager_folder/GameManager_206480972_206899163.so and algorithm_folder



==============================
Running competition on maps/valid_input_simple.txt with all algorithms in algorithm_folder
==============================
COMMAND: ./simulator_206480972_206899163 -competition game_maps_folder=maps game_manager=Game_Manager_folder/GameManager_206480972_206899163.so algorithms_folder=algorithm_folder -verbose
run_competition_all.sh: line 18: ./simulator_206480972_206899163: No such file or directory
FAILED: competition on maps/valid_input_simple.txt with Game_Manager_folder/GameManager_206480972_206899163.so and algorithm_folder



==============================
Running competition on maps/valid_missing_rows.txt with all algorithms in algorithm_folder
==============================
COMMAND: ./simulator_206480972_206899163 -competition game_maps_folder=maps game_manager=Game_Manager_folder/GameManager_206480972_206899163.so algorithms_folder=algorithm_folder -verbose
run_competition_all.sh: line 18: ./simulator_206480972_206899163: No such file or directory
FAILED: competition on maps/valid_missing_rows.txt with Game_Manager_folder/GameManager_206480972_206899163.so and algorithm_folder



==============================
Running competition on maps/valid_mixed_size.txt with all algorithms in algorithm_folder
==============================
COMMAND: ./simulator_206480972_206899163 -competition game_maps_folder=maps game_manager=Game_Manager_folder/GameManager_206480972_206899163.so algorithms_folder=algorithm_folder -verbose
run_competition_all.sh: line 18: ./simulator_206480972_206899163: No such file or directory
FAILED: competition on maps/valid_mixed_size.txt with Game_Manager_folder/GameManager_206480972_206899163.so and algorithm_folder



==============================
Running competition on maps/valid_short_rows.txt with all algorithms in algorithm_folder
==============================
COMMAND: ./simulator_206480972_206899163 -competition game_maps_folder=maps game_manager=Game_Manager_folder/GameManager_206480972_206899163.so algorithms_folder=algorithm_folder -verbose
run_competition_all.sh: line 18: ./simulator_206480972_206899163: No such file or directory
FAILED: competition on maps/valid_short_rows.txt with Game_Manager_folder/GameManager_206480972_206899163.so and algorithm_folder



Competition runs completed.
