==============================
Running: algorithm_folder/Algorithm_0000.so vs Algorithm/Algorithm_206480972_206899163.so on maps/input_a.txt
==============================



==============================
Running: algorithm_folder/Algorithm_206038929_314620071.so vs Algorithm/Algorithm_206480972_206899163.so on maps/input_a.txt
==============================



==============================
Running: algorithm_folder/Algorithm_206825176_319089256.so vs Algorithm/Algorithm_206480972_206899163.so on maps/input_a.txt
==============================
dlopen failed for algorithm_folder/Algorithm_206825176_319089256.so: algorithm_folder/Algorithm_206825176_319089256.so: undefined symbol: _ZN30UserCommon_206825176_3190892562dyENS_9DirectionE
Fatal error: AlgorithmRegistrar::getAt - index out of range
FAILED: algorithm_folder/Algorithm_206825176_319089256.so vs Algorithm/Algorithm_206480972_206899163.so on maps/input_a.txt



==============================
Running: algorithm_folder/Algorithm_207004615_322270851 (1).so vs Algorithm/Algorithm_206480972_206899163.so on maps/input_a.txt
==============================
dlopen failed for algorithm_folder/Algorithm_207004615_322270851 (1).so: algorithm_folder/Algorithm_207004615_322270851 (1).so: undefined symbol: _Z16turnRightQuarter9Direction
Fatal error: AlgorithmRegistrar::getAt - index out of range
FAILED: algorithm_folder/Algorithm_207004615_322270851 (1).so vs Algorithm/Algorithm_206480972_206899163.so on maps/input_a.txt



==============================
Running: algorithm_folder/Algorithm_207004615_322270851.so vs Algorithm/Algorithm_206480972_206899163.so on maps/input_a.txt
==============================
dlopen failed for algorithm_folder/Algorithm_207004615_322270851.so: algorithm_folder/Algorithm_207004615_322270851.so: undefined symbol: _Z16turnRightQuarter9Direction
Fatal error: AlgorithmRegistrar::getAt - index out of range
FAILED: algorithm_folder/Algorithm_207004615_322270851.so vs Algorithm/Algorithm_206480972_206899163.so on maps/input_a.txt



==============================
Running: algorithm_folder/Algorithm_207174533_321321945(1).so vs Algorithm/Algorithm_206480972_206899163.so on maps/input_a.txt
==============================



==============================
Running: algorithm_folder/Algorithm_207174533_321321945.so vs Algorithm/Algorithm_206480972_206899163.so on maps/input_a.txt
==============================



==============================
Running: algorithm_folder/Algorithm_209277367_322542887.so vs Algorithm/Algorithm_206480972_206899163.so on maps/input_a.txt
==============================
dlopen failed for algorithm_folder/Algorithm_209277367_322542887.so: algorithm_folder/Algorithm_209277367_322542887.so: cannot open shared object file: No such file or directory
Fatal error: AlgorithmRegistrar::getAt - index out of range
FAILED: algorithm_folder/Algorithm_209277367_322542887.so vs Algorithm/Algorithm_206480972_206899163.so on maps/input_a.txt



==============================
Running: algorithm_folder/Algorithm_209399021_208239152.so vs Algorithm/Algorithm_206480972_206899163.so on maps/input_a.txt
==============================



==============================
Running: algorithm_folder/Algorithm_211388913_322330820.so vs Algorithm/Algorithm_206480972_206899163.so on maps/input_a.txt
==============================
dlopen failed for algorithm_folder/Algorithm_211388913_322330820.so: /lib/x86_64-linux-gnu/libc.so.6: version `GLIBC_2.38' not found (required by algorithm_folder/Algorithm_211388913_322330820.so)
Fatal error: AlgorithmRegistrar::getAt - index out of range
FAILED: algorithm_folder/Algorithm_211388913_322330820.so vs Algorithm/Algorithm_206480972_206899163.so on maps/input_a.txt



==============================
Running: algorithm_folder/Algorithm_212535058_324022904.so vs Algorithm/Algorithm_206480972_206899163.so on maps/input_a.txt
==============================



==============================
Running: algorithm_folder/Algorithm_314753732.so vs Algorithm/Algorithm_206480972_206899163.so on maps/input_a.txt
==============================



==============================
Running: algorithm_folder/Algorithm_315634022.so vs Algorithm/Algorithm_206480972_206899163.so on maps/input_a.txt
==============================
[T140237814371904] [ENTER] [PLAYER_315634022] [Player_315634022:42] Function entry
[T140237814371904] [INFO] [PLAYER_315634022] [Player_315634022:43] Constructor parameters - playerIndex: 1, rows: 12, cols: 4, max_steps: 100, num_shells: 200
[T140237814371904] [EXIT] [PLAYER_315634022] [Player_315634022:46] Function exit
[T140237814371904] [ENTER] [TANK_315634022] [TankAlgorithm_315634022:36] Function entry
[T140237814371904] [INFO] [TANK_315634022] [TankAlgorithm_315634022:37] Constructor - playerIndex: 1, tankIndex: 0, direction: 6, shellsLeft: -1, needView: 1
[T140237814371904] [DEBUG] [TANK_315634022] [TankAlgorithm_315634022:44] lastInfo_ dimensions: 1x1
[T140237814371904] [DEBUG] [TANK_315634022] [TankAlgorithm_315634022:45] lastInfo_ grid size: 1
[T140237814371904] [EXIT] [TANK_315634022] [TankAlgorithm_315634022:47] Function exit
[T140237814371904] [ENTER] [TANK_315634022] [getAction:140] Function entry
[T140237814371904] [DEBUG] [TANK_315634022] [getAction:142] Current state - direction_: 6, shellsLeft_: -1, needView_: 1
[T140237814371904] [DEBUG] [TANK_315634022] [getAction:148] Need view is true - requesting battle info
[T140237814371904] [EXIT] [TANK_315634022] [getAction:150] Function exit
[T140237814371904] [ENTER] [PLAYER_315634022] [updateTankWithBattleInfo:51] Function entry
[T140237814371904] [DEBUG] [PLAYER_315634022] [updateTankWithBattleInfo:54] "tank" address: 0x7f8ba40084f0
[T140237814371904] [DEBUG] [PLAYER_315634022] [updateTankWithBattleInfo:55] "view" address: 0x7f8ba91c0520
[T140237814371904] [INFO] [PLAYER_315634022] [updateTankWithBattleInfo:58] Starting battle info update - playerIndex: 1, dimensions: 12x4, first_call: 1
[T140237814371904] [DEBUG] [PLAYER_315634022] [updateTankWithBattleInfo:62] Testing SatelliteView access...
[T140237814371904] [DEBUG] [PLAYER_315634022] [updateTankWithBattleInfo:66] Attempting to read position (0,0) from SatelliteView
[T140237814371904] [DEBUG] [PLAYER_315634022] [updateTankWithBattleInfo:68] Successfully read from SatelliteView at (0,0): '#'
[T140237814371904] [DEBUG] [PLAYER_315634022] [updateTankWithBattleInfo:76] Creating MyBattleInfo with dimensions 12x4
[T140237814371904] [DEBUG] [PLAYER_315634022] [updateTankWithBattleInfo:80] MyBattleInfo created successfully - grid size: 12 rows
[T140237814371904] [DEBUG] [PLAYER_315634022] [updateTankWithBattleInfo:83] First row size: 4 cols
[T140237814371904] [DEBUG] [PLAYER_315634022] [updateTankWithBattleInfo:88] First call - setting shells remaining to: 200
[T140237814371904] [DEBUG] [PLAYER_315634022] [updateTankWithBattleInfo:96] Starting grid scan...
[T140237814371904] [WARNING] [PLAYER_315634022] [updateTankWithBattleInfo:139] Self position not found on grid for player 1
[T140237814371904] [DEBUG] [PLAYER_315634022] [updateTankWithBattleInfo:143] Grid scan complete. Final grid state:
[T140237814371904] [DEBUG] [PLAYER_315634022] [updateTankWithBattleInfo:153] Preparing to call tank.updateBattleInfo()
[T140237814371904] [DEBUG] [PLAYER_315634022] [updateTankWithBattleInfo:154] "tank_before_call" address: 0x7f8ba40084f0
[T140237814371904] [DEBUG] [PLAYER_315634022] [updateTankWithBattleInfo:155] "info_address" address: 0x7f8ba91c0460
[T140237814371904] [DEBUG] [PLAYER_315634022] [updateTankWithBattleInfo:158] Testing tank object validity...
[T140237814371904] [DEBUG] [PLAYER_315634022] [updateTankWithBattleInfo:161] Calling tank.updateBattleInfo() - THIS IS WHERE CRASH LIKELY OCCURS
[T140237814371904] [ENTER] [TANK_315634022] [updateBattleInfo:52] Function entry
[T140237814371904] [DEBUG] [TANK_315634022] [updateBattleInfo:56] "baseInfo" address: 0x7f8ba91c0460
[T140237814371904] [DEBUG] [TANK_315634022] [updateBattleInfo:58] Received BattleInfo object
[T140237814371904] [DEBUG] [TANK_315634022] [updateBattleInfo:59] baseInfo type: 12MyBattleInfo
[T140237814371904] [DEBUG] [TANK_315634022] [updateBattleInfo:62] Attempting dynamic_cast to MyBattleInfo...
[T140237814371904] [SUCCESS] [TANK_315634022] [updateBattleInfo:74] dynamic_cast to MyBattleInfo* succeeded
[T140237814371904] [DEBUG] [TANK_315634022] [updateBattleInfo:75] "myInfo" address: 0x7f8ba91c0460
[T140237814371904] [DEBUG] [TANK_315634022] [updateBattleInfo:78] Validating MyBattleInfo object...
[T140237814371904] [DEBUG] [TANK_315634022] [updateBattleInfo:79] MyBattleInfo dimensions: 12x4
[T140237814371904] [DEBUG] [TANK_315634022] [updateBattleInfo:80] MyBattleInfo grid size: 12
[T140237814371904] [DEBUG] [TANK_315634022] [updateBattleInfo:81] MyBattleInfo selfX: 0, selfY: 0
[T140237814371904] [DEBUG] [TANK_315634022] [updateBattleInfo:82] MyBattleInfo shellsRemaining: 200
[T140237814371904] [DEBUG] [TANK_315634022] [updateBattleInfo:88] Grid first row size: 4
[T140237814371904] [DEBUG] [TANK_315634022] [updateBattleInfo:91] Grid contents:
[T140237814371904] [DEBUG] [TANK_315634022] [updateBattleInfo:97] Row 0: '####'
[T140237814371904] [DEBUG] [TANK_315634022] [updateBattleInfo:97] Row 1: '#  2'
[T140237814371904] [DEBUG] [TANK_315634022] [updateBattleInfo:97] Row 2: '   #'
[T140237814371904] [DEBUG] [TANK_315634022] [updateBattleInfo:97] Row 3: '####'
[T140237814371904] [DEBUG] [TANK_315634022] [updateBattleInfo:97] Row 4: '&&&&'
[T140237814371904] [DEBUG] [TANK_315634022] [updateBattleInfo:97] Row 5: '&&&&'
[T140237814371904] [DEBUG] [TANK_315634022] [updateBattleInfo:97] Row 6: '&&&&'
[T140237814371904] [DEBUG] [TANK_315634022] [updateBattleInfo:97] Row 7: '&&&&'
[T140237814371904] [DEBUG] [TANK_315634022] [updateBattleInfo:97] Row 8: '&&&&'
[T140237814371904] [DEBUG] [TANK_315634022] [updateBattleInfo:97] Row 9: '&&&&'
[T140237814371904] [DEBUG] [TANK_315634022] [updateBattleInfo:97] Row 10: '&&&&'
[T140237814371904] [DEBUG] [TANK_315634022] [updateBattleInfo:97] Row 11: '&&&&'
[T140237814371904] [DEBUG] [TANK_315634022] [updateBattleInfo:102] Performing safe copy of MyBattleInfo...
[T140237814371904] [DEBUG] [TANK_315634022] [updateBattleInfo:103] Before copy - lastInfo_ dimensions: 1x1
[T140237814371904] [DEBUG] [TANK_315634022] [updateBattleInfo:107] After copy - lastInfo_ dimensions: 12x4
[T140237814371904] [DEBUG] [TANK_315634022] [updateBattleInfo:108] After copy - lastInfo_ grid size: 12
[T140237814371904] [DEBUG] [TANK_315634022] [updateBattleInfo:112] First battle info update - setting shellsLeft_
[T140237814371904] [INFO] [TANK_315634022] [updateBattleInfo:114] shellsLeft_ initialized to: 200
[T140237814371904] [DEBUG] [TANK_315634022] [updateBattleInfo:120] needView_ set to false
[T140237814371904] [SUCCESS] [TANK_315634022] [updateBattleInfo:122] updateBattleInfo completed successfully
[T140237814371904] [EXIT] [TANK_315634022] [updateBattleInfo:135] Function exit
[T140237814371904] [SUCCESS] [PLAYER_315634022] [updateTankWithBattleInfo:163] tank.updateBattleInfo() completed successfully
[T140237814371904] [EXIT] [PLAYER_315634022] [updateTankWithBattleInfo:173] Function exit
[T140237814371904] [ENTER] [TANK_315634022] [getAction:140] Function entry
[T140237814371904] [DEBUG] [TANK_315634022] [getAction:142] Current state - direction_: 6, shellsLeft_: 200, needView_: 0
[T140237814371904] [DEBUG] [TANK_315634022] [getAction:154] Returning GetBattleInfo (default action)
[T140237814371904] [EXIT] [TANK_315634022] [getAction:155] Function exit
[T140237814371904] [ENTER] [PLAYER_315634022] [updateTankWithBattleInfo:51] Function entry
[T140237814371904] [DEBUG] [PLAYER_315634022] [updateTankWithBattleInfo:54] "tank" address: 0x7f8ba40084f0
[T140237814371904] [DEBUG] [PLAYER_315634022] [updateTankWithBattleInfo:55] "view" address: 0x7f8ba91c0520
[T140237814371904] [INFO] [PLAYER_315634022] [updateTankWithBattleInfo:58] Starting battle info update - playerIndex: 1, dimensions: 12x4, first_call: 0
[T140237814371904] [DEBUG] [PLAYER_315634022] [updateTankWithBattleInfo:62] Testing SatelliteView access...
[T140237814371904] [DEBUG] [PLAYER_315634022] [updateTankWithBattleInfo:66] Attempting to read position (0,0) from SatelliteView
[T140237814371904] [DEBUG] [PLAYER_315634022] [updateTankWithBattleInfo:68] Successfully read from SatelliteView at (0,0): '#'
[T140237814371904] [DEBUG] [PLAYER_315634022] [updateTankWithBattleInfo:76] Creating MyBattleInfo with dimensions 12x4
[T140237814371904] [DEBUG] [PLAYER_315634022] [updateTankWithBattleInfo:80] MyBattleInfo created successfully - grid size: 12 rows
[T140237814371904] [DEBUG] [PLAYER_315634022] [updateTankWithBattleInfo:83] First row size: 4 cols
[T140237814371904] [DEBUG] [PLAYER_315634022] [updateTankWithBattleInfo:92] Subsequent call - shells remaining unchanged
[T140237814371904] [DEBUG] [PLAYER_315634022] [updateTankWithBattleInfo:96] Starting grid scan...
[T140237814371904] [WARNING] [PLAYER_315634022] [updateTankWithBattleInfo:139] Self position not found on grid for player 1
[T140237814371904] [DEBUG] [PLAYER_315634022] [updateTankWithBattleInfo:143] Grid scan complete. Final grid state:
[T140237814371904] [DEBUG] [PLAYER_315634022] [updateTankWithBattleInfo:153] Preparing to call tank.updateBattleInfo()
[T140237814371904] [DEBUG] [PLAYER_315634022] [updateTankWithBattleInfo:154] "tank_before_call" address: 0x7f8ba40084f0
[T140237814371904] [DEBUG] [PLAYER_315634022] [updateTankWithBattleInfo:155] "info_address" address: 0x7f8ba91c0460
[T140237814371904] [DEBUG] [PLAYER_315634022] [updateTankWithBattleInfo:158] Testing tank object validity...
[T140237814371904] [DEBUG] [PLAYER_315634022] [updateTankWithBattleInfo:161] Calling tank.updateBattleInfo() - THIS IS WHERE CRASH LIKELY OCCURS
[T140237814371904] [ENTER] [TANK_315634022] [updateBattleInfo:52] Function entry
[T140237814371904] [DEBUG] [TANK_315634022] [updateBattleInfo:56] "baseInfo" address: 0x7f8ba91c0460
[T140237814371904] [DEBUG] [TANK_315634022] [updateBattleInfo:58] Received BattleInfo object
[T140237814371904] [DEBUG] [TANK_315634022] [updateBattleInfo:59] baseInfo type: 12MyBattleInfo
[T140237814371904] [DEBUG] [TANK_315634022] [updateBattleInfo:62] Attempting dynamic_cast to MyBattleInfo...
[T140237814371904] [SUCCESS] [TANK_315634022] [updateBattleInfo:74] dynamic_cast to MyBattleInfo* succeeded
[T140237814371904] [DEBUG] [TANK_315634022] [updateBattleInfo:75] "myInfo" address: 0x7f8ba91c0460
[T140237814371904] [DEBUG] [TANK_315634022] [updateBattleInfo:78] Validating MyBattleInfo object...
[T140237814371904] [DEBUG] [TANK_315634022] [updateBattleInfo:79] MyBattleInfo dimensions: 12x4
[T140237814371904] [DEBUG] [TANK_315634022] [updateBattleInfo:80] MyBattleInfo grid size: 12
[T140237814371904] [DEBUG] [TANK_315634022] [updateBattleInfo:81] MyBattleInfo selfX: 0, selfY: 0
[T140237814371904] [DEBUG] [TANK_315634022] [updateBattleInfo:82] MyBattleInfo shellsRemaining: 0
[T140237814371904] [DEBUG] [TANK_315634022] [updateBattleInfo:88] Grid first row size: 4
[T140237814371904] [DEBUG] [TANK_315634022] [updateBattleInfo:91] Grid contents:
[T140237814371904] [DEBUG] [TANK_315634022] [updateBattleInfo:97] Row 0: '####'
[T140237814371904] [DEBUG] [TANK_315634022] [updateBattleInfo:97] Row 1: '#   '
[T140237814371904] [DEBUG] [TANK_315634022] [updateBattleInfo:97] Row 2: '   #'
[T140237814371904] [DEBUG] [TANK_315634022] [updateBattleInfo:97] Row 3: '####'
[T140237814371904] [DEBUG] [TANK_315634022] [updateBattleInfo:97] Row 4: '&&&&'
[T140237814371904] [DEBUG] [TANK_315634022] [updateBattleInfo:97] Row 5: '&&&&'
[T140237814371904] [DEBUG] [TANK_315634022] [updateBattleInfo:97] Row 6: '&&&&'
[T140237814371904] [DEBUG] [TANK_315634022] [updateBattleInfo:97] Row 7: '&&&&'
[T140237814371904] [DEBUG] [TANK_315634022] [updateBattleInfo:97] Row 8: '&&&&'
[T140237814371904] [DEBUG] [TANK_315634022] [updateBattleInfo:97] Row 9: '&&&&'
[T140237814371904] [DEBUG] [TANK_315634022] [updateBattleInfo:97] Row 10: '&&&&'
[T140237814371904] [DEBUG] [TANK_315634022] [updateBattleInfo:97] Row 11: '&&&&'
[T140237814371904] [DEBUG] [TANK_315634022] [updateBattleInfo:102] Performing safe copy of MyBattleInfo...
[T140237814371904] [DEBUG] [TANK_315634022] [updateBattleInfo:103] Before copy - lastInfo_ dimensions: 12x4
[T140237814371904] [DEBUG] [TANK_315634022] [updateBattleInfo:107] After copy - lastInfo_ dimensions: 12x4
[T140237814371904] [DEBUG] [TANK_315634022] [updateBattleInfo:108] After copy - lastInfo_ grid size: 12
[T140237814371904] [DEBUG] [TANK_315634022] [updateBattleInfo:116] Subsequent update - shellsLeft_ remains: 200
[T140237814371904] [DEBUG] [TANK_315634022] [updateBattleInfo:120] needView_ set to false
[T140237814371904] [SUCCESS] [TANK_315634022] [updateBattleInfo:122] updateBattleInfo completed successfully
[T140237814371904] [EXIT] [TANK_315634022] [updateBattleInfo:135] Function exit
[T140237814371904] [SUCCESS] [PLAYER_315634022] [updateTankWithBattleInfo:163] tank.updateBattleInfo() completed successfully
[T140237814371904] [EXIT] [PLAYER_315634022] [updateTankWithBattleInfo:173] Function exit
[T140237814371904] [ENTER] [TANK_315634022] [getAction:140] Function entry
[T140237814371904] [DEBUG] [TANK_315634022] [getAction:142] Current state - direction_: 6, shellsLeft_: 200, needView_: 0
[T140237814371904] [DEBUG] [TANK_315634022] [getAction:154] Returning GetBattleInfo (default action)
[T140237814371904] [EXIT] [TANK_315634022] [getAction:155] Function exit
[T140237814371904] [ENTER] [PLAYER_315634022] [updateTankWithBattleInfo:51] Function entry
[T140237814371904] [DEBUG] [PLAYER_315634022] [updateTankWithBattleInfo:54] "tank" address: 0x7f8ba40084f0
[T140237814371904] [DEBUG] [PLAYER_315634022] [updateTankWithBattleInfo:55] "view" address: 0x7f8ba91c0520
[T140237814371904] [INFO] [PLAYER_315634022] [updateTankWithBattleInfo:58] Starting battle info update - playerIndex: 1, dimensions: 12x4, first_call: 0
[T140237814371904] [DEBUG] [PLAYER_315634022] [updateTankWithBattleInfo:62] Testing SatelliteView access...
[T140237814371904] [DEBUG] [PLAYER_315634022] [updateTankWithBattleInfo:66] Attempting to read position (0,0) from SatelliteView
[T140237814371904] [DEBUG] [PLAYER_315634022] [updateTankWithBattleInfo:68] Successfully read from SatelliteView at (0,0): '#'
[T140237814371904] [DEBUG] [PLAYER_315634022] [updateTankWithBattleInfo:76] Creating MyBattleInfo with dimensions 12x4
[T140237814371904] [DEBUG] [PLAYER_315634022] [updateTankWithBattleInfo:80] MyBattleInfo created successfully - grid size: 12 rows
[T140237814371904] [DEBUG] [PLAYER_315634022] [updateTankWithBattleInfo:83] First row size: 4 cols
[T140237814371904] [DEBUG] [PLAYER_315634022] [updateTankWithBattleInfo:92] Subsequent call - shells remaining unchanged
[T140237814371904] [DEBUG] [PLAYER_315634022] [updateTankWithBattleInfo:96] Starting grid scan...
[T140237814371904] [WARNING] [PLAYER_315634022] [updateTankWithBattleInfo:139] Self position not found on grid for player 1
[T140237814371904] [DEBUG] [PLAYER_315634022] [updateTankWithBattleInfo:143] Grid scan complete. Final grid state:
[T140237814371904] [DEBUG] [PLAYER_315634022] [updateTankWithBattleInfo:153] Preparing to call tank.updateBattleInfo()
[T140237814371904] [DEBUG] [PLAYER_315634022] [updateTankWithBattleInfo:154] "tank_before_call" address: 0x7f8ba40084f0
[T140237814371904] [DEBUG] [PLAYER_315634022] [updateTankWithBattleInfo:155] "info_address" address: 0x7f8ba91c0460
[T140237814371904] [DEBUG] [PLAYER_315634022] [updateTankWithBattleInfo:158] Testing tank object validity...
[T140237814371904] [DEBUG] [PLAYER_315634022] [updateTankWithBattleInfo:161] Calling tank.updateBattleInfo() - THIS IS WHERE CRASH LIKELY OCCURS
[T140237814371904] [ENTER] [TANK_315634022] [updateBattleInfo:52] Function entry
[T140237814371904] [DEBUG] [TANK_315634022] [updateBattleInfo:56] "baseInfo" address: 0x7f8ba91c0460
[T140237814371904] [DEBUG] [TANK_315634022] [updateBattleInfo:58] Received BattleInfo object
[T140237814371904] [DEBUG] [TANK_315634022] [updateBattleInfo:59] baseInfo type: 12MyBattleInfo
[T140237814371904] [DEBUG] [TANK_315634022] [updateBattleInfo:62] Attempting dynamic_cast to MyBattleInfo...
[T140237814371904] [SUCCESS] [TANK_315634022] [updateBattleInfo:74] dynamic_cast to MyBattleInfo* succeeded
[T140237814371904] [DEBUG] [TANK_315634022] [updateBattleInfo:75] "myInfo" address: 0x7f8ba91c0460
[T140237814371904] [DEBUG] [TANK_315634022] [updateBattleInfo:78] Validating MyBattleInfo object...
[T140237814371904] [DEBUG] [TANK_315634022] [updateBattleInfo:79] MyBattleInfo dimensions: 12x4
[T140237814371904] [DEBUG] [TANK_315634022] [updateBattleInfo:80] MyBattleInfo grid size: 12
[T140237814371904] [DEBUG] [TANK_315634022] [updateBattleInfo:81] MyBattleInfo selfX: 0, selfY: 0
[T140237814371904] [DEBUG] [TANK_315634022] [updateBattleInfo:82] MyBattleInfo shellsRemaining: 0
[T140237814371904] [DEBUG] [TANK_315634022] [updateBattleInfo:88] Grid first row size: 4
[T140237814371904] [DEBUG] [TANK_315634022] [updateBattleInfo:91] Grid contents:
[T140237814371904] [DEBUG] [TANK_315634022] [updateBattleInfo:97] Row 0: '####'
[T140237814371904] [DEBUG] [TANK_315634022] [updateBattleInfo:97] Row 1: '#   '
[T140237814371904] [DEBUG] [TANK_315634022] [updateBattleInfo:97] Row 2: '   #'
[T140237814371904] [DEBUG] [TANK_315634022] [updateBattleInfo:97] Row 3: '####'
[T140237814371904] [DEBUG] [TANK_315634022] [updateBattleInfo:97] Row 4: '&&&&'
[T140237814371904] [DEBUG] [TANK_315634022] [updateBattleInfo:97] Row 5: '&&&&'
[T140237814371904] [DEBUG] [TANK_315634022] [updateBattleInfo:97] Row 6: '&&&&'
[T140237814371904] [DEBUG] [TANK_315634022] [updateBattleInfo:97] Row 7: '&&&&'
[T140237814371904] [DEBUG] [TANK_315634022] [updateBattleInfo:97] Row 8: '&&&&'
[T140237814371904] [DEBUG] [TANK_315634022] [updateBattleInfo:97] Row 9: '&&&&'
[T140237814371904] [DEBUG] [TANK_315634022] [updateBattleInfo:97] Row 10: '&&&&'
[T140237814371904] [DEBUG] [TANK_315634022] [updateBattleInfo:97] Row 11: '&&&&'
[T140237814371904] [DEBUG] [TANK_315634022] [updateBattleInfo:102] Performing safe copy of MyBattleInfo...
[T140237814371904] [DEBUG] [TANK_315634022] [updateBattleInfo:103] Before copy - lastInfo_ dimensions: 12x4
[T140237814371904] [DEBUG] [TANK_315634022] [updateBattleInfo:107] After copy - lastInfo_ dimensions: 12x4
[T140237814371904] [DEBUG] [TANK_315634022] [updateBattleInfo:108] After copy - lastInfo_ grid size: 12
[T140237814371904] [DEBUG] [TANK_315634022] [updateBattleInfo:116] Subsequent update - shellsLeft_ remains: 200
[T140237814371904] [DEBUG] [TANK_315634022] [updateBattleInfo:120] needView_ set to false
[T140237814371904] [SUCCESS] [TANK_315634022] [updateBattleInfo:122] updateBattleInfo completed successfully
[T140237814371904] [EXIT] [TANK_315634022] [updateBattleInfo:135] Function exit
[T140237814371904] [SUCCESS] [PLAYER_315634022] [updateTankWithBattleInfo:163] tank.updateBattleInfo() completed successfully
[T140237814371904] [EXIT] [PLAYER_315634022] [updateTankWithBattleInfo:173] Function exit
[T140237814371904] [ENTER] [TANK_315634022] [getAction:140] Function entry
[T140237814371904] [DEBUG] [TANK_315634022] [getAction:142] Current state - direction_: 6, shellsLeft_: 200, needView_: 0
[T140237814371904] [DEBUG] [TANK_315634022] [getAction:154] Returning GetBattleInfo (default action)
[T140237814371904] [EXIT] [TANK_315634022] [getAction:155] Function exit
[T140237814371904] [ENTER] [PLAYER_315634022] [updateTankWithBattleInfo:51] Function entry
[T140237814371904] [DEBUG] [PLAYER_315634022] [updateTankWithBattleInfo:54] "tank" address: 0x7f8ba40084f0
[T140237814371904] [DEBUG] [PLAYER_315634022] [updateTankWithBattleInfo:55] "view" address: 0x7f8ba91c0520
[T140237814371904] [INFO] [PLAYER_315634022] [updateTankWithBattleInfo:58] Starting battle info update - playerIndex: 1, dimensions: 12x4, first_call: 0
[T140237814371904] [DEBUG] [PLAYER_315634022] [updateTankWithBattleInfo:62] Testing SatelliteView access...
[T140237814371904] [DEBUG] [PLAYER_315634022] [updateTankWithBattleInfo:66] Attempting to read position (0,0) from SatelliteView
[T140237814371904] [DEBUG] [PLAYER_315634022] [updateTankWithBattleInfo:68] Successfully read from SatelliteView at (0,0): '#'
[T140237814371904] [DEBUG] [PLAYER_315634022] [updateTankWithBattleInfo:76] Creating MyBattleInfo with dimensions 12x4
[T140237814371904] [DEBUG] [PLAYER_315634022] [updateTankWithBattleInfo:80] MyBattleInfo created successfully - grid size: 12 rows
[T140237814371904] [DEBUG] [PLAYER_315634022] [updateTankWithBattleInfo:83] First row size: 4 cols
[T140237814371904] [DEBUG] [PLAYER_315634022] [updateTankWithBattleInfo:92] Subsequent call - shells remaining unchanged
[T140237814371904] [DEBUG] [PLAYER_315634022] [updateTankWithBattleInfo:96] Starting grid scan...
[T140237814371904] [WARNING] [PLAYER_315634022] [updateTankWithBattleInfo:139] Self position not found on grid for player 1
[T140237814371904] [DEBUG] [PLAYER_315634022] [updateTankWithBattleInfo:143] Grid scan complete. Final grid state:
[T140237814371904] [DEBUG] [PLAYER_315634022] [updateTankWithBattleInfo:153] Preparing to call tank.updateBattleInfo()
[T140237814371904] [DEBUG] [PLAYER_315634022] [updateTankWithBattleInfo:154] "tank_before_call" address: 0x7f8ba40084f0
[T140237814371904] [DEBUG] [PLAYER_315634022] [updateTankWithBattleInfo:155] "info_address" address: 0x7f8ba91c0460
[T140237814371904] [DEBUG] [PLAYER_315634022] [updateTankWithBattleInfo:158] Testing tank object validity...
[T140237814371904] [DEBUG] [PLAYER_315634022] [updateTankWithBattleInfo:161] Calling tank.updateBattleInfo() - THIS IS WHERE CRASH LIKELY OCCURS
[T140237814371904] [ENTER] [TANK_315634022] [updateBattleInfo:52] Function entry
[T140237814371904] [DEBUG] [TANK_315634022] [updateBattleInfo:56] "baseInfo" address: 0x7f8ba91c0460
[T140237814371904] [DEBUG] [TANK_315634022] [updateBattleInfo:58] Received BattleInfo object
[T140237814371904] [DEBUG] [TANK_315634022] [updateBattleInfo:59] baseInfo type: 12MyBattleInfo
[T140237814371904] [DEBUG] [TANK_315634022] [updateBattleInfo:62] Attempting dynamic_cast to MyBattleInfo...
[T140237814371904] [SUCCESS] [TANK_315634022] [updateBattleInfo:74] dynamic_cast to MyBattleInfo* succeeded
[T140237814371904] [DEBUG] [TANK_315634022] [updateBattleInfo:75] "myInfo" address: 0x7f8ba91c0460
[T140237814371904] [DEBUG] [TANK_315634022] [updateBattleInfo:78] Validating MyBattleInfo object...
[T140237814371904] [DEBUG] [TANK_315634022] [updateBattleInfo:79] MyBattleInfo dimensions: 12x4
[T140237814371904] [DEBUG] [TANK_315634022] [updateBattleInfo:80] MyBattleInfo grid size: 12
[T140237814371904] [DEBUG] [TANK_315634022] [updateBattleInfo:81] MyBattleInfo selfX: 0, selfY: 0
[T140237814371904] [DEBUG] [TANK_315634022] [updateBattleInfo:82] MyBattleInfo shellsRemaining: 0
[T140237814371904] [DEBUG] [TANK_315634022] [updateBattleInfo:88] Grid first row size: 4
[T140237814371904] [DEBUG] [TANK_315634022] [updateBattleInfo:91] Grid contents:
[T140237814371904] [DEBUG] [TANK_315634022] [updateBattleInfo:97] Row 0: '####'
[T140237814371904] [DEBUG] [TANK_315634022] [updateBattleInfo:97] Row 1: '#   '
[T140237814371904] [DEBUG] [TANK_315634022] [updateBattleInfo:97] Row 2: '   #'
[T140237814371904] [DEBUG] [TANK_315634022] [updateBattleInfo:97] Row 3: '####'
[T140237814371904] [DEBUG] [TANK_315634022] [updateBattleInfo:97] Row 4: '&&&&'
[T140237814371904] [DEBUG] [TANK_315634022] [updateBattleInfo:97] Row 5: '&&&&'
[T140237814371904] [DEBUG] [TANK_315634022] [updateBattleInfo:97] Row 6: '&&&&'
[T140237814371904] [DEBUG] [TANK_315634022] [updateBattleInfo:97] Row 7: '&&&&'
[T140237814371904] [DEBUG] [TANK_315634022] [updateBattleInfo:97] Row 8: '&&&&'
[T140237814371904] [DEBUG] [TANK_315634022] [updateBattleInfo:97] Row 9: '&&&&'
[T140237814371904] [DEBUG] [TANK_315634022] [updateBattleInfo:97] Row 10: '&&&&'
[T140237814371904] [DEBUG] [TANK_315634022] [updateBattleInfo:97] Row 11: '&&&&'
[T140237814371904] [DEBUG] [TANK_315634022] [updateBattleInfo:102] Performing safe copy of MyBattleInfo...
[T140237814371904] [DEBUG] [TANK_315634022] [updateBattleInfo:103] Before copy - lastInfo_ dimensions: 12x4
[T140237814371904] [DEBUG] [TANK_315634022] [updateBattleInfo:107] After copy - lastInfo_ dimensions: 12x4
[T140237814371904] [DEBUG] [TANK_315634022] [updateBattleInfo:108] After copy - lastInfo_ grid size: 12
[T140237814371904] [DEBUG] [TANK_315634022] [updateBattleInfo:116] Subsequent update - shellsLeft_ remains: 200
[T140237814371904] [DEBUG] [TANK_315634022] [updateBattleInfo:120] needView_ set to false
[T140237814371904] [SUCCESS] [TANK_315634022] [updateBattleInfo:122] updateBattleInfo completed successfully
[T140237814371904] [EXIT] [TANK_315634022] [updateBattleInfo:135] Function exit
[T140237814371904] [SUCCESS] [PLAYER_315634022] [updateTankWithBattleInfo:163] tank.updateBattleInfo() completed successfully
[T140237814371904] [EXIT] [PLAYER_315634022] [updateTankWithBattleInfo:173] Function exit



==============================
Running: algorithm_folder/Algorithm_318772340_206580102.so vs Algorithm/Algorithm_206480972_206899163.so on maps/input_a.txt
==============================
dlopen failed for algorithm_folder/Algorithm_318772340_206580102.so: algorithm_folder/Algorithm_318772340_206580102.so: invalid ELF header
Fatal error: AlgorithmRegistrar::getAt - index out of range
FAILED: algorithm_folder/Algorithm_318772340_206580102.so vs Algorithm/Algorithm_206480972_206899163.so on maps/input_a.txt



==============================
Running: algorithm_folder/Algorithm_318885712_208230862(1).so vs Algorithm/Algorithm_206480972_206899163.so on maps/input_a.txt
==============================
dlopen failed for algorithm_folder/Algorithm_318885712_208230862(1).so: algorithm_folder/Algorithm_318885712_208230862(1).so: undefined symbol: _ZN30UserCommon_318885712_20823086210Directions10dirToIndexB5cxx11E
Fatal error: AlgorithmRegistrar::getAt - index out of range
FAILED: algorithm_folder/Algorithm_318885712_208230862(1).so vs Algorithm/Algorithm_206480972_206899163.so on maps/input_a.txt



==============================
Running: algorithm_folder/Algorithm_318885712_208230862.so vs Algorithm/Algorithm_206480972_206899163.so on maps/input_a.txt
==============================
dlopen failed for algorithm_folder/Algorithm_318885712_208230862.so: /lib/x86_64-linux-gnu/libc.so.6: version `GLIBC_2.38' not found (required by algorithm_folder/Algorithm_318885712_208230862.so)
Fatal error: AlgorithmRegistrar::getAt - index out of range
FAILED: algorithm_folder/Algorithm_318885712_208230862.so vs Algorithm/Algorithm_206480972_206899163.so on maps/input_a.txt



==============================
Running: algorithm_folder/Algorithm_322213836_212054837.so vs Algorithm/Algorithm_206480972_206899163.so on maps/input_a.txt
==============================



==============================
Running: algorithm_folder/Algorithm_322573304_322647603.so vs Algorithm/Algorithm_206480972_206899163.so on maps/input_a.txt
==============================



==============================
Running: algorithm_folder/Algorithm_322728148_206855835.so vs Algorithm/Algorithm_206480972_206899163.so on maps/input_a.txt
==============================
dlopen failed for algorithm_folder/Algorithm_322728148_206855835.so: algorithm_folder/Algorithm_322728148_206855835.so: undefined symbol: _ZN31GameManager_322728148_20685583511GameManager9TranslateEPN30UserCommon_322728148_20685583510GameObjectEi
Fatal error: AlgorithmRegistrar::getAt - index out of range
FAILED: algorithm_folder/Algorithm_322728148_206855835.so vs Algorithm/Algorithm_206480972_206899163.so on maps/input_a.txt



==============================
Running: algorithm_folder/Algorithm_322868852_340849710.so vs Algorithm/Algorithm_206480972_206899163.so on maps/input_a.txt
==============================



==============================
Running: algorithm_folder/Algorithm_322996059_211779582.so vs Algorithm/Algorithm_206480972_206899163.so on maps/input_a.txt
==============================



==============================
Running: algorithm_folder/GameManager_318885712_208230862.so vs Algorithm/Algorithm_206480972_206899163.so on maps/input_a.txt
==============================
dlopen failed for algorithm_folder/GameManager_318885712_208230862.so: /lib/x86_64-linux-gnu/libc.so.6: version `GLIBC_2.38' not found (required by algorithm_folder/GameManager_318885712_208230862.so)
Fatal error: AlgorithmRegistrar::getAt - index out of range
FAILED: algorithm_folder/GameManager_318885712_208230862.so vs Algorithm/Algorithm_206480972_206899163.so on maps/input_a.txt



kelman_vs_all tests completed.
==============================
Running: algorithm_folder/Algorithm_0000.so vs Algorithm/Algorithm_206480972_206899163.so on maps/input_a.txt
==============================



==============================
Running: algorithm_folder/Algorithm_206038929_314620071.so vs Algorithm/Algorithm_206480972_206899163.so on maps/input_a.txt
==============================



==============================
Running: algorithm_folder/Algorithm_206825176_319089256.so vs Algorithm/Algorithm_206480972_206899163.so on maps/input_a.txt
==============================
dlopen failed for algorithm_folder/Algorithm_206825176_319089256.so: algorithm_folder/Algorithm_206825176_319089256.so: undefined symbol: _ZN30UserCommon_206825176_3190892562dyENS_9DirectionE
Fatal error: AlgorithmRegistrar::getAt - index out of range
FAILED: algorithm_folder/Algorithm_206825176_319089256.so vs Algorithm/Algorithm_206480972_206899163.so on maps/input_a.txt



==============================
Running: algorithm_folder/Algorithm_207004615_322270851 (1).so vs Algorithm/Algorithm_206480972_206899163.so on maps/input_a.txt
==============================
dlopen failed for algorithm_folder/Algorithm_207004615_322270851 (1).so: algorithm_folder/Algorithm_207004615_322270851 (1).so: undefined symbol: _Z16turnRightQuarter9Direction
Fatal error: AlgorithmRegistrar::getAt - index out of range
FAILED: algorithm_folder/Algorithm_207004615_322270851 (1).so vs Algorithm/Algorithm_206480972_206899163.so on maps/input_a.txt



==============================
Running: algorithm_folder/Algorithm_207004615_322270851.so vs Algorithm/Algorithm_206480972_206899163.so on maps/input_a.txt
==============================
dlopen failed for algorithm_folder/Algorithm_207004615_322270851.so: algorithm_folder/Algorithm_207004615_322270851.so: undefined symbol: _Z16turnRightQuarter9Direction
Fatal error: AlgorithmRegistrar::getAt - index out of range
FAILED: algorithm_folder/Algorithm_207004615_322270851.so vs Algorithm/Algorithm_206480972_206899163.so on maps/input_a.txt



==============================
Running: algorithm_folder/Algorithm_207174533_321321945(1).so vs Algorithm/Algorithm_206480972_206899163.so on maps/input_a.txt
==============================



==============================
Running: algorithm_folder/Algorithm_207174533_321321945.so vs Algorithm/Algorithm_206480972_206899163.so on maps/input_a.txt
==============================



==============================
Running: algorithm_folder/Algorithm_209277367_322542887.so vs Algorithm/Algorithm_206480972_206899163.so on maps/input_a.txt
==============================
dlopen failed for algorithm_folder/Algorithm_209277367_322542887.so: algorithm_folder/Algorithm_209277367_322542887.so: cannot open shared object file: No such file or directory
Fatal error: AlgorithmRegistrar::getAt - index out of range
FAILED: algorithm_folder/Algorithm_209277367_322542887.so vs Algorithm/Algorithm_206480972_206899163.so on maps/input_a.txt



==============================
Running: algorithm_folder/Algorithm_209399021_208239152.so vs Algorithm/Algorithm_206480972_206899163.so on maps/input_a.txt
==============================



==============================
Running: algorithm_folder/Algorithm_211388913_322330820.so vs Algorithm/Algorithm_206480972_206899163.so on maps/input_a.txt
==============================
dlopen failed for algorithm_folder/Algorithm_211388913_322330820.so: /lib/x86_64-linux-gnu/libc.so.6: version `GLIBC_2.38' not found (required by algorithm_folder/Algorithm_211388913_322330820.so)
Fatal error: AlgorithmRegistrar::getAt - index out of range
FAILED: algorithm_folder/Algorithm_211388913_322330820.so vs Algorithm/Algorithm_206480972_206899163.so on maps/input_a.txt



==============================
Running: algorithm_folder/Algorithm_212535058_324022904.so vs Algorithm/Algorithm_206480972_206899163.so on maps/input_a.txt
==============================



==============================
Running: algorithm_folder/Algorithm_314753732.so vs Algorithm/Algorithm_206480972_206899163.so on maps/input_a.txt
==============================



==============================
Running: algorithm_folder/Algorithm_315634022.so vs Algorithm/Algorithm_206480972_206899163.so on maps/input_a.txt
==============================
[T140144527955520] [ENTER] [PLAYER_315634022] [Player_315634022:42] Function entry
[T140144527955520] [INFO] [PLAYER_315634022] [Player_315634022:43] Constructor parameters - playerIndex: 1, rows: 12, cols: 4, max_steps: 100, num_shells: 200
[T140144527955520] [EXIT] [PLAYER_315634022] [Player_315634022:46] Function exit
[T140144527955520] [ENTER] [TANK_315634022] [TankAlgorithm_315634022:36] Function entry
[T140144527955520] [INFO] [TANK_315634022] [TankAlgorithm_315634022:37] Constructor - playerIndex: 1, tankIndex: 0, direction: 6, shellsLeft: -1, needView: 1
[T140144527955520] [DEBUG] [TANK_315634022] [TankAlgorithm_315634022:44] lastInfo_ dimensions: 1x1
[T140144527955520] [DEBUG] [TANK_315634022] [TankAlgorithm_315634022:45] lastInfo_ grid size: 1
[T140144527955520] [EXIT] [TANK_315634022] [TankAlgorithm_315634022:47] Function exit
[T140144527955520] [ENTER] [TANK_315634022] [getAction:140] Function entry
[T140144527955520] [DEBUG] [TANK_315634022] [getAction:142] Current state - direction_: 6, shellsLeft_: -1, needView_: 1
[T140144527955520] [DEBUG] [TANK_315634022] [getAction:148] Need view is true - requesting battle info
[T140144527955520] [EXIT] [TANK_315634022] [getAction:150] Function exit
[T140144527955520] [ENTER] [PLAYER_315634022] [updateTankWithBattleInfo:51] Function entry
[T140144527955520] [DEBUG] [PLAYER_315634022] [updateTankWithBattleInfo:54] "tank" address: 0x7f75ec0084f0
[T140144527955520] [DEBUG] [PLAYER_315634022] [updateTankWithBattleInfo:55] "view" address: 0x7f75f0ce4520
[T140144527955520] [INFO] [PLAYER_315634022] [updateTankWithBattleInfo:58] Starting battle info update - playerIndex: 1, dimensions: 12x4, first_call: 1
[T140144527955520] [DEBUG] [PLAYER_315634022] [updateTankWithBattleInfo:62] Testing SatelliteView access...
[T140144527955520] [DEBUG] [PLAYER_315634022] [updateTankWithBattleInfo:66] Attempting to read position (0,0) from SatelliteView
[T140144527955520] [DEBUG] [PLAYER_315634022] [updateTankWithBattleInfo:68] Successfully read from SatelliteView at (0,0): '#'
[T140144527955520] [DEBUG] [PLAYER_315634022] [updateTankWithBattleInfo:76] Creating MyBattleInfo with dimensions 12x4
[T140144527955520] [DEBUG] [PLAYER_315634022] [updateTankWithBattleInfo:80] MyBattleInfo created successfully - grid size: 12 rows
[T140144527955520] [DEBUG] [PLAYER_315634022] [updateTankWithBattleInfo:83] First row size: 4 cols
[T140144527955520] [DEBUG] [PLAYER_315634022] [updateTankWithBattleInfo:88] First call - setting shells remaining to: 200
[T140144527955520] [DEBUG] [PLAYER_315634022] [updateTankWithBattleInfo:96] Starting grid scan...
[T140144527955520] [WARNING] [PLAYER_315634022] [updateTankWithBattleInfo:139] Self position not found on grid for player 1
[T140144527955520] [DEBUG] [PLAYER_315634022] [updateTankWithBattleInfo:143] Grid scan complete. Final grid state:
[T140144527955520] [DEBUG] [PLAYER_315634022] [updateTankWithBattleInfo:153] Preparing to call tank.updateBattleInfo()
[T140144527955520] [DEBUG] [PLAYER_315634022] [updateTankWithBattleInfo:154] "tank_before_call" address: 0x7f75ec0084f0
[T140144527955520] [DEBUG] [PLAYER_315634022] [updateTankWithBattleInfo:155] "info_address" address: 0x7f75f0ce4460
[T140144527955520] [DEBUG] [PLAYER_315634022] [updateTankWithBattleInfo:158] Testing tank object validity...
[T140144527955520] [DEBUG] [PLAYER_315634022] [updateTankWithBattleInfo:161] Calling tank.updateBattleInfo() - THIS IS WHERE CRASH LIKELY OCCURS
[T140144527955520] [ENTER] [TANK_315634022] [updateBattleInfo:52] Function entry
[T140144527955520] [DEBUG] [TANK_315634022] [updateBattleInfo:56] "baseInfo" address: 0x7f75f0ce4460
[T140144527955520] [DEBUG] [TANK_315634022] [updateBattleInfo:58] Received BattleInfo object
[T140144527955520] [DEBUG] [TANK_315634022] [updateBattleInfo:59] baseInfo type: 12MyBattleInfo
[T140144527955520] [DEBUG] [TANK_315634022] [updateBattleInfo:62] Attempting dynamic_cast to MyBattleInfo...
[T140144527955520] [SUCCESS] [TANK_315634022] [updateBattleInfo:74] dynamic_cast to MyBattleInfo* succeeded
[T140144527955520] [DEBUG] [TANK_315634022] [updateBattleInfo:75] "myInfo" address: 0x7f75f0ce4460
[T140144527955520] [DEBUG] [TANK_315634022] [updateBattleInfo:78] Validating MyBattleInfo object...
[T140144527955520] [DEBUG] [TANK_315634022] [updateBattleInfo:79] MyBattleInfo dimensions: 12x4
[T140144527955520] [DEBUG] [TANK_315634022] [updateBattleInfo:80] MyBattleInfo grid size: 12
[T140144527955520] [DEBUG] [TANK_315634022] [updateBattleInfo:81] MyBattleInfo selfX: 0, selfY: 0
[T140144527955520] [DEBUG] [TANK_315634022] [updateBattleInfo:82] MyBattleInfo shellsRemaining: 200
[T140144527955520] [DEBUG] [TANK_315634022] [updateBattleInfo:88] Grid first row size: 4
[T140144527955520] [DEBUG] [TANK_315634022] [updateBattleInfo:91] Grid contents:
[T140144527955520] [DEBUG] [TANK_315634022] [updateBattleInfo:97] Row 0: '####'
[T140144527955520] [DEBUG] [TANK_315634022] [updateBattleInfo:97] Row 1: '#  2'
[T140144527955520] [DEBUG] [TANK_315634022] [updateBattleInfo:97] Row 2: '   #'
[T140144527955520] [DEBUG] [TANK_315634022] [updateBattleInfo:97] Row 3: '####'
[T140144527955520] [DEBUG] [TANK_315634022] [updateBattleInfo:97] Row 4: '&&&&'
[T140144527955520] [DEBUG] [TANK_315634022] [updateBattleInfo:97] Row 5: '&&&&'
[T140144527955520] [DEBUG] [TANK_315634022] [updateBattleInfo:97] Row 6: '&&&&'
[T140144527955520] [DEBUG] [TANK_315634022] [updateBattleInfo:97] Row 7: '&&&&'
[T140144527955520] [DEBUG] [TANK_315634022] [updateBattleInfo:97] Row 8: '&&&&'
[T140144527955520] [DEBUG] [TANK_315634022] [updateBattleInfo:97] Row 9: '&&&&'
[T140144527955520] [DEBUG] [TANK_315634022] [updateBattleInfo:97] Row 10: '&&&&'
[T140144527955520] [DEBUG] [TANK_315634022] [updateBattleInfo:97] Row 11: '&&&&'
[T140144527955520] [DEBUG] [TANK_315634022] [updateBattleInfo:102] Performing safe copy of MyBattleInfo...
[T140144527955520] [DEBUG] [TANK_315634022] [updateBattleInfo:103] Before copy - lastInfo_ dimensions: 1x1
[T140144527955520] [DEBUG] [TANK_315634022] [updateBattleInfo:107] After copy - lastInfo_ dimensions: 12x4
[T140144527955520] [DEBUG] [TANK_315634022] [updateBattleInfo:108] After copy - lastInfo_ grid size: 12
[T140144527955520] [DEBUG] [TANK_315634022] [updateBattleInfo:112] First battle info update - setting shellsLeft_
[T140144527955520] [INFO] [TANK_315634022] [updateBattleInfo:114] shellsLeft_ initialized to: 200
[T140144527955520] [DEBUG] [TANK_315634022] [updateBattleInfo:120] needView_ set to false
[T140144527955520] [SUCCESS] [TANK_315634022] [updateBattleInfo:122] updateBattleInfo completed successfully
[T140144527955520] [EXIT] [TANK_315634022] [updateBattleInfo:135] Function exit
[T140144527955520] [SUCCESS] [PLAYER_315634022] [updateTankWithBattleInfo:163] tank.updateBattleInfo() completed successfully
[T140144527955520] [EXIT] [PLAYER_315634022] [updateTankWithBattleInfo:173] Function exit
[T140144527955520] [ENTER] [TANK_315634022] [getAction:140] Function entry
[T140144527955520] [DEBUG] [TANK_315634022] [getAction:142] Current state - direction_: 6, shellsLeft_: 200, needView_: 0
[T140144527955520] [DEBUG] [TANK_315634022] [getAction:154] Returning GetBattleInfo (default action)
[T140144527955520] [EXIT] [TANK_315634022] [getAction:155] Function exit
[T140144527955520] [ENTER] [PLAYER_315634022] [updateTankWithBattleInfo:51] Function entry
[T140144527955520] [DEBUG] [PLAYER_315634022] [updateTankWithBattleInfo:54] "tank" address: 0x7f75ec0084f0
[T140144527955520] [DEBUG] [PLAYER_315634022] [updateTankWithBattleInfo:55] "view" address: 0x7f75f0ce4520
[T140144527955520] [INFO] [PLAYER_315634022] [updateTankWithBattleInfo:58] Starting battle info update - playerIndex: 1, dimensions: 12x4, first_call: 0
[T140144527955520] [DEBUG] [PLAYER_315634022] [updateTankWithBattleInfo:62] Testing SatelliteView access...
[T140144527955520] [DEBUG] [PLAYER_315634022] [updateTankWithBattleInfo:66] Attempting to read position (0,0) from SatelliteView
[T140144527955520] [DEBUG] [PLAYER_315634022] [updateTankWithBattleInfo:68] Successfully read from SatelliteView at (0,0): '#'
[T140144527955520] [DEBUG] [PLAYER_315634022] [updateTankWithBattleInfo:76] Creating MyBattleInfo with dimensions 12x4
[T140144527955520] [DEBUG] [PLAYER_315634022] [updateTankWithBattleInfo:80] MyBattleInfo created successfully - grid size: 12 rows
[T140144527955520] [DEBUG] [PLAYER_315634022] [updateTankWithBattleInfo:83] First row size: 4 cols
[T140144527955520] [DEBUG] [PLAYER_315634022] [updateTankWithBattleInfo:92] Subsequent call - shells remaining unchanged
[T140144527955520] [DEBUG] [PLAYER_315634022] [updateTankWithBattleInfo:96] Starting grid scan...
[T140144527955520] [WARNING] [PLAYER_315634022] [updateTankWithBattleInfo:139] Self position not found on grid for player 1
[T140144527955520] [DEBUG] [PLAYER_315634022] [updateTankWithBattleInfo:143] Grid scan complete. Final grid state:
[T140144527955520] [DEBUG] [PLAYER_315634022] [updateTankWithBattleInfo:153] Preparing to call tank.updateBattleInfo()
[T140144527955520] [DEBUG] [PLAYER_315634022] [updateTankWithBattleInfo:154] "tank_before_call" address: 0x7f75ec0084f0
[T140144527955520] [DEBUG] [PLAYER_315634022] [updateTankWithBattleInfo:155] "info_address" address: 0x7f75f0ce4460
[T140144527955520] [DEBUG] [PLAYER_315634022] [updateTankWithBattleInfo:158] Testing tank object validity...
[T140144527955520] [DEBUG] [PLAYER_315634022] [updateTankWithBattleInfo:161] Calling tank.updateBattleInfo() - THIS IS WHERE CRASH LIKELY OCCURS
[T140144527955520] [ENTER] [TANK_315634022] [updateBattleInfo:52] Function entry
[T140144527955520] [DEBUG] [TANK_315634022] [updateBattleInfo:56] "baseInfo" address: 0x7f75f0ce4460
[T140144527955520] [DEBUG] [TANK_315634022] [updateBattleInfo:58] Received BattleInfo object
[T140144527955520] [DEBUG] [TANK_315634022] [updateBattleInfo:59] baseInfo type: 12MyBattleInfo
[T140144527955520] [DEBUG] [TANK_315634022] [updateBattleInfo:62] Attempting dynamic_cast to MyBattleInfo...
[T140144527955520] [SUCCESS] [TANK_315634022] [updateBattleInfo:74] dynamic_cast to MyBattleInfo* succeeded
[T140144527955520] [DEBUG] [TANK_315634022] [updateBattleInfo:75] "myInfo" address: 0x7f75f0ce4460
[T140144527955520] [DEBUG] [TANK_315634022] [updateBattleInfo:78] Validating MyBattleInfo object...
[T140144527955520] [DEBUG] [TANK_315634022] [updateBattleInfo:79] MyBattleInfo dimensions: 12x4
[T140144527955520] [DEBUG] [TANK_315634022] [updateBattleInfo:80] MyBattleInfo grid size: 12
[T140144527955520] [DEBUG] [TANK_315634022] [updateBattleInfo:81] MyBattleInfo selfX: 0, selfY: 0
[T140144527955520] [DEBUG] [TANK_315634022] [updateBattleInfo:82] MyBattleInfo shellsRemaining: 0
[T140144527955520] [DEBUG] [TANK_315634022] [updateBattleInfo:88] Grid first row size: 4
[T140144527955520] [DEBUG] [TANK_315634022] [updateBattleInfo:91] Grid contents:
[T140144527955520] [DEBUG] [TANK_315634022] [updateBattleInfo:97] Row 0: '####'
[T140144527955520] [DEBUG] [TANK_315634022] [updateBattleInfo:97] Row 1: '#   '
[T140144527955520] [DEBUG] [TANK_315634022] [updateBattleInfo:97] Row 2: '   #'
[T140144527955520] [DEBUG] [TANK_315634022] [updateBattleInfo:97] Row 3: '####'
[T140144527955520] [DEBUG] [TANK_315634022] [updateBattleInfo:97] Row 4: '&&&&'
[T140144527955520] [DEBUG] [TANK_315634022] [updateBattleInfo:97] Row 5: '&&&&'
[T140144527955520] [DEBUG] [TANK_315634022] [updateBattleInfo:97] Row 6: '&&&&'
[T140144527955520] [DEBUG] [TANK_315634022] [updateBattleInfo:97] Row 7: '&&&&'
[T140144527955520] [DEBUG] [TANK_315634022] [updateBattleInfo:97] Row 8: '&&&&'
[T140144527955520] [DEBUG] [TANK_315634022] [updateBattleInfo:97] Row 9: '&&&&'
[T140144527955520] [DEBUG] [TANK_315634022] [updateBattleInfo:97] Row 10: '&&&&'
[T140144527955520] [DEBUG] [TANK_315634022] [updateBattleInfo:97] Row 11: '&&&&'
[T140144527955520] [DEBUG] [TANK_315634022] [updateBattleInfo:102] Performing safe copy of MyBattleInfo...
[T140144527955520] [DEBUG] [TANK_315634022] [updateBattleInfo:103] Before copy - lastInfo_ dimensions: 12x4
[T140144527955520] [DEBUG] [TANK_315634022] [updateBattleInfo:107] After copy - lastInfo_ dimensions: 12x4
[T140144527955520] [DEBUG] [TANK_315634022] [updateBattleInfo:108] After copy - lastInfo_ grid size: 12
[T140144527955520] [DEBUG] [TANK_315634022] [updateBattleInfo:116] Subsequent update - shellsLeft_ remains: 200
[T140144527955520] [DEBUG] [TANK_315634022] [updateBattleInfo:120] needView_ set to false
[T140144527955520] [SUCCESS] [TANK_315634022] [updateBattleInfo:122] updateBattleInfo completed successfully
[T140144527955520] [EXIT] [TANK_315634022] [updateBattleInfo:135] Function exit
[T140144527955520] [SUCCESS] [PLAYER_315634022] [updateTankWithBattleInfo:163] tank.updateBattleInfo() completed successfully
[T140144527955520] [EXIT] [PLAYER_315634022] [updateTankWithBattleInfo:173] Function exit
[T140144527955520] [ENTER] [TANK_315634022] [getAction:140] Function entry
[T140144527955520] [DEBUG] [TANK_315634022] [getAction:142] Current state - direction_: 6, shellsLeft_: 200, needView_: 0
[T140144527955520] [DEBUG] [TANK_315634022] [getAction:154] Returning GetBattleInfo (default action)
[T140144527955520] [EXIT] [TANK_315634022] [getAction:155] Function exit
[T140144527955520] [ENTER] [PLAYER_315634022] [updateTankWithBattleInfo:51] Function entry
[T140144527955520] [DEBUG] [PLAYER_315634022] [updateTankWithBattleInfo:54] "tank" address: 0x7f75ec0084f0
[T140144527955520] [DEBUG] [PLAYER_315634022] [updateTankWithBattleInfo:55] "view" address: 0x7f75f0ce4520
[T140144527955520] [INFO] [PLAYER_315634022] [updateTankWithBattleInfo:58] Starting battle info update - playerIndex: 1, dimensions: 12x4, first_call: 0
[T140144527955520] [DEBUG] [PLAYER_315634022] [updateTankWithBattleInfo:62] Testing SatelliteView access...
[T140144527955520] [DEBUG] [PLAYER_315634022] [updateTankWithBattleInfo:66] Attempting to read position (0,0) from SatelliteView
[T140144527955520] [DEBUG] [PLAYER_315634022] [updateTankWithBattleInfo:68] Successfully read from SatelliteView at (0,0): '#'
[T140144527955520] [DEBUG] [PLAYER_315634022] [updateTankWithBattleInfo:76] Creating MyBattleInfo with dimensions 12x4
[T140144527955520] [DEBUG] [PLAYER_315634022] [updateTankWithBattleInfo:80] MyBattleInfo created successfully - grid size: 12 rows
[T140144527955520] [DEBUG] [PLAYER_315634022] [updateTankWithBattleInfo:83] First row size: 4 cols
[T140144527955520] [DEBUG] [PLAYER_315634022] [updateTankWithBattleInfo:92] Subsequent call - shells remaining unchanged
[T140144527955520] [DEBUG] [PLAYER_315634022] [updateTankWithBattleInfo:96] Starting grid scan...
[T140144527955520] [WARNING] [PLAYER_315634022] [updateTankWithBattleInfo:139] Self position not found on grid for player 1
[T140144527955520] [DEBUG] [PLAYER_315634022] [updateTankWithBattleInfo:143] Grid scan complete. Final grid state:
[T140144527955520] [DEBUG] [PLAYER_315634022] [updateTankWithBattleInfo:153] Preparing to call tank.updateBattleInfo()
[T140144527955520] [DEBUG] [PLAYER_315634022] [updateTankWithBattleInfo:154] "tank_before_call" address: 0x7f75ec0084f0
[T140144527955520] [DEBUG] [PLAYER_315634022] [updateTankWithBattleInfo:155] "info_address" address: 0x7f75f0ce4460
[T140144527955520] [DEBUG] [PLAYER_315634022] [updateTankWithBattleInfo:158] Testing tank object validity...
[T140144527955520] [DEBUG] [PLAYER_315634022] [updateTankWithBattleInfo:161] Calling tank.updateBattleInfo() - THIS IS WHERE CRASH LIKELY OCCURS
[T140144527955520] [ENTER] [TANK_315634022] [updateBattleInfo:52] Function entry
[T140144527955520] [DEBUG] [TANK_315634022] [updateBattleInfo:56] "baseInfo" address: 0x7f75f0ce4460
[T140144527955520] [DEBUG] [TANK_315634022] [updateBattleInfo:58] Received BattleInfo object
[T140144527955520] [DEBUG] [TANK_315634022] [updateBattleInfo:59] baseInfo type: 12MyBattleInfo
[T140144527955520] [DEBUG] [TANK_315634022] [updateBattleInfo:62] Attempting dynamic_cast to MyBattleInfo...
[T140144527955520] [SUCCESS] [TANK_315634022] [updateBattleInfo:74] dynamic_cast to MyBattleInfo* succeeded
[T140144527955520] [DEBUG] [TANK_315634022] [updateBattleInfo:75] "myInfo" address: 0x7f75f0ce4460
[T140144527955520] [DEBUG] [TANK_315634022] [updateBattleInfo:78] Validating MyBattleInfo object...
[T140144527955520] [DEBUG] [TANK_315634022] [updateBattleInfo:79] MyBattleInfo dimensions: 12x4
[T140144527955520] [DEBUG] [TANK_315634022] [updateBattleInfo:80] MyBattleInfo grid size: 12
[T140144527955520] [DEBUG] [TANK_315634022] [updateBattleInfo:81] MyBattleInfo selfX: 0, selfY: 0
[T140144527955520] [DEBUG] [TANK_315634022] [updateBattleInfo:82] MyBattleInfo shellsRemaining: 0
[T140144527955520] [DEBUG] [TANK_315634022] [updateBattleInfo:88] Grid first row size: 4
[T140144527955520] [DEBUG] [TANK_315634022] [updateBattleInfo:91] Grid contents:
[T140144527955520] [DEBUG] [TANK_315634022] [updateBattleInfo:97] Row 0: '####'
[T140144527955520] [DEBUG] [TANK_315634022] [updateBattleInfo:97] Row 1: '#   '
[T140144527955520] [DEBUG] [TANK_315634022] [updateBattleInfo:97] Row 2: '   #'
[T140144527955520] [DEBUG] [TANK_315634022] [updateBattleInfo:97] Row 3: '####'
[T140144527955520] [DEBUG] [TANK_315634022] [updateBattleInfo:97] Row 4: '&&&&'
[T140144527955520] [DEBUG] [TANK_315634022] [updateBattleInfo:97] Row 5: '&&&&'
[T140144527955520] [DEBUG] [TANK_315634022] [updateBattleInfo:97] Row 6: '&&&&'
[T140144527955520] [DEBUG] [TANK_315634022] [updateBattleInfo:97] Row 7: '&&&&'
[T140144527955520] [DEBUG] [TANK_315634022] [updateBattleInfo:97] Row 8: '&&&&'
[T140144527955520] [DEBUG] [TANK_315634022] [updateBattleInfo:97] Row 9: '&&&&'
[T140144527955520] [DEBUG] [TANK_315634022] [updateBattleInfo:97] Row 10: '&&&&'
[T140144527955520] [DEBUG] [TANK_315634022] [updateBattleInfo:97] Row 11: '&&&&'
[T140144527955520] [DEBUG] [TANK_315634022] [updateBattleInfo:102] Performing safe copy of MyBattleInfo...
[T140144527955520] [DEBUG] [TANK_315634022] [updateBattleInfo:103] Before copy - lastInfo_ dimensions: 12x4
[T140144527955520] [DEBUG] [TANK_315634022] [updateBattleInfo:107] After copy - lastInfo_ dimensions: 12x4
[T140144527955520] [DEBUG] [TANK_315634022] [updateBattleInfo:108] After copy - lastInfo_ grid size: 12
[T140144527955520] [DEBUG] [TANK_315634022] [updateBattleInfo:116] Subsequent update - shellsLeft_ remains: 200
[T140144527955520] [DEBUG] [TANK_315634022] [updateBattleInfo:120] needView_ set to false
[T140144527955520] [SUCCESS] [TANK_315634022] [updateBattleInfo:122] updateBattleInfo completed successfully
[T140144527955520] [EXIT] [TANK_315634022] [updateBattleInfo:135] Function exit
[T140144527955520] [SUCCESS] [PLAYER_315634022] [updateTankWithBattleInfo:163] tank.updateBattleInfo() completed successfully
[T140144527955520] [EXIT] [PLAYER_315634022] [updateTankWithBattleInfo:173] Function exit
[T140144527955520] [ENTER] [TANK_315634022] [getAction:140] Function entry
[T140144527955520] [DEBUG] [TANK_315634022] [getAction:142] Current state - direction_: 6, shellsLeft_: 200, needView_: 0
[T140144527955520] [DEBUG] [TANK_315634022] [getAction:154] Returning GetBattleInfo (default action)
[T140144527955520] [EXIT] [TANK_315634022] [getAction:155] Function exit
[T140144527955520] [ENTER] [PLAYER_315634022] [updateTankWithBattleInfo:51] Function entry
[T140144527955520] [DEBUG] [PLAYER_315634022] [updateTankWithBattleInfo:54] "tank" address: 0x7f75ec0084f0
[T140144527955520] [DEBUG] [PLAYER_315634022] [updateTankWithBattleInfo:55] "view" address: 0x7f75f0ce4520
[T140144527955520] [INFO] [PLAYER_315634022] [updateTankWithBattleInfo:58] Starting battle info update - playerIndex: 1, dimensions: 12x4, first_call: 0
[T140144527955520] [DEBUG] [PLAYER_315634022] [updateTankWithBattleInfo:62] Testing SatelliteView access...
[T140144527955520] [DEBUG] [PLAYER_315634022] [updateTankWithBattleInfo:66] Attempting to read position (0,0) from SatelliteView
[T140144527955520] [DEBUG] [PLAYER_315634022] [updateTankWithBattleInfo:68] Successfully read from SatelliteView at (0,0): '#'
[T140144527955520] [DEBUG] [PLAYER_315634022] [updateTankWithBattleInfo:76] Creating MyBattleInfo with dimensions 12x4
[T140144527955520] [DEBUG] [PLAYER_315634022] [updateTankWithBattleInfo:80] MyBattleInfo created successfully - grid size: 12 rows
[T140144527955520] [DEBUG] [PLAYER_315634022] [updateTankWithBattleInfo:83] First row size: 4 cols
[T140144527955520] [DEBUG] [PLAYER_315634022] [updateTankWithBattleInfo:92] Subsequent call - shells remaining unchanged
[T140144527955520] [DEBUG] [PLAYER_315634022] [updateTankWithBattleInfo:96] Starting grid scan...
[T140144527955520] [WARNING] [PLAYER_315634022] [updateTankWithBattleInfo:139] Self position not found on grid for player 1
[T140144527955520] [DEBUG] [PLAYER_315634022] [updateTankWithBattleInfo:143] Grid scan complete. Final grid state:
[T140144527955520] [DEBUG] [PLAYER_315634022] [updateTankWithBattleInfo:153] Preparing to call tank.updateBattleInfo()
[T140144527955520] [DEBUG] [PLAYER_315634022] [updateTankWithBattleInfo:154] "tank_before_call" address: 0x7f75ec0084f0
[T140144527955520] [DEBUG] [PLAYER_315634022] [updateTankWithBattleInfo:155] "info_address" address: 0x7f75f0ce4460
[T140144527955520] [DEBUG] [PLAYER_315634022] [updateTankWithBattleInfo:158] Testing tank object validity...
[T140144527955520] [DEBUG] [PLAYER_315634022] [updateTankWithBattleInfo:161] Calling tank.updateBattleInfo() - THIS IS WHERE CRASH LIKELY OCCURS
[T140144527955520] [ENTER] [TANK_315634022] [updateBattleInfo:52] Function entry
[T140144527955520] [DEBUG] [TANK_315634022] [updateBattleInfo:56] "baseInfo" address: 0x7f75f0ce4460
[T140144527955520] [DEBUG] [TANK_315634022] [updateBattleInfo:58] Received BattleInfo object
[T140144527955520] [DEBUG] [TANK_315634022] [updateBattleInfo:59] baseInfo type: 12MyBattleInfo
[T140144527955520] [DEBUG] [TANK_315634022] [updateBattleInfo:62] Attempting dynamic_cast to MyBattleInfo...
[T140144527955520] [SUCCESS] [TANK_315634022] [updateBattleInfo:74] dynamic_cast to MyBattleInfo* succeeded
[T140144527955520] [DEBUG] [TANK_315634022] [updateBattleInfo:75] "myInfo" address: 0x7f75f0ce4460
[T140144527955520] [DEBUG] [TANK_315634022] [updateBattleInfo:78] Validating MyBattleInfo object...
[T140144527955520] [DEBUG] [TANK_315634022] [updateBattleInfo:79] MyBattleInfo dimensions: 12x4
[T140144527955520] [DEBUG] [TANK_315634022] [updateBattleInfo:80] MyBattleInfo grid size: 12
[T140144527955520] [DEBUG] [TANK_315634022] [updateBattleInfo:81] MyBattleInfo selfX: 0, selfY: 0
[T140144527955520] [DEBUG] [TANK_315634022] [updateBattleInfo:82] MyBattleInfo shellsRemaining: 0
[T140144527955520] [DEBUG] [TANK_315634022] [updateBattleInfo:88] Grid first row size: 4
[T140144527955520] [DEBUG] [TANK_315634022] [updateBattleInfo:91] Grid contents:
[T140144527955520] [DEBUG] [TANK_315634022] [updateBattleInfo:97] Row 0: '####'
[T140144527955520] [DEBUG] [TANK_315634022] [updateBattleInfo:97] Row 1: '#   '
[T140144527955520] [DEBUG] [TANK_315634022] [updateBattleInfo:97] Row 2: '   #'
[T140144527955520] [DEBUG] [TANK_315634022] [updateBattleInfo:97] Row 3: '####'
[T140144527955520] [DEBUG] [TANK_315634022] [updateBattleInfo:97] Row 4: '&&&&'
[T140144527955520] [DEBUG] [TANK_315634022] [updateBattleInfo:97] Row 5: '&&&&'
[T140144527955520] [DEBUG] [TANK_315634022] [updateBattleInfo:97] Row 6: '&&&&'
[T140144527955520] [DEBUG] [TANK_315634022] [updateBattleInfo:97] Row 7: '&&&&'
[T140144527955520] [DEBUG] [TANK_315634022] [updateBattleInfo:97] Row 8: '&&&&'
[T140144527955520] [DEBUG] [TANK_315634022] [updateBattleInfo:97] Row 9: '&&&&'
[T140144527955520] [DEBUG] [TANK_315634022] [updateBattleInfo:97] Row 10: '&&&&'
[T140144527955520] [DEBUG] [TANK_315634022] [updateBattleInfo:97] Row 11: '&&&&'
[T140144527955520] [DEBUG] [TANK_315634022] [updateBattleInfo:102] Performing safe copy of MyBattleInfo...
[T140144527955520] [DEBUG] [TANK_315634022] [updateBattleInfo:103] Before copy - lastInfo_ dimensions: 12x4
[T140144527955520] [DEBUG] [TANK_315634022] [updateBattleInfo:107] After copy - lastInfo_ dimensions: 12x4
[T140144527955520] [DEBUG] [TANK_315634022] [updateBattleInfo:108] After copy - lastInfo_ grid size: 12
[T140144527955520] [DEBUG] [TANK_315634022] [updateBattleInfo:116] Subsequent update - shellsLeft_ remains: 200
[T140144527955520] [DEBUG] [TANK_315634022] [updateBattleInfo:120] needView_ set to false
[T140144527955520] [SUCCESS] [TANK_315634022] [updateBattleInfo:122] updateBattleInfo completed successfully
[T140144527955520] [EXIT] [TANK_315634022] [updateBattleInfo:135] Function exit
[T140144527955520] [SUCCESS] [PLAYER_315634022] [updateTankWithBattleInfo:163] tank.updateBattleInfo() completed successfully
[T140144527955520] [EXIT] [PLAYER_315634022] [updateTankWithBattleInfo:173] Function exit



==============================
Running: algorithm_folder/Algorithm_318772340_206580102.so vs Algorithm/Algorithm_206480972_206899163.so on maps/input_a.txt
==============================
dlopen failed for algorithm_folder/Algorithm_318772340_206580102.so: algorithm_folder/Algorithm_318772340_206580102.so: invalid ELF header
Fatal error: AlgorithmRegistrar::getAt - index out of range
FAILED: algorithm_folder/Algorithm_318772340_206580102.so vs Algorithm/Algorithm_206480972_206899163.so on maps/input_a.txt



==============================
Running: algorithm_folder/Algorithm_318885712_208230862(1).so vs Algorithm/Algorithm_206480972_206899163.so on maps/input_a.txt
==============================
dlopen failed for algorithm_folder/Algorithm_318885712_208230862(1).so: algorithm_folder/Algorithm_318885712_208230862(1).so: undefined symbol: _ZN30UserCommon_318885712_20823086210Directions10dirToIndexB5cxx11E
Fatal error: AlgorithmRegistrar::getAt - index out of range
FAILED: algorithm_folder/Algorithm_318885712_208230862(1).so vs Algorithm/Algorithm_206480972_206899163.so on maps/input_a.txt



==============================
Running: algorithm_folder/Algorithm_318885712_208230862.so vs Algorithm/Algorithm_206480972_206899163.so on maps/input_a.txt
==============================
dlopen failed for algorithm_folder/Algorithm_318885712_208230862.so: /lib/x86_64-linux-gnu/libc.so.6: version `GLIBC_2.38' not found (required by algorithm_folder/Algorithm_318885712_208230862.so)
Fatal error: AlgorithmRegistrar::getAt - index out of range
FAILED: algorithm_folder/Algorithm_318885712_208230862.so vs Algorithm/Algorithm_206480972_206899163.so on maps/input_a.txt



==============================
Running: algorithm_folder/Algorithm_322213836_212054837.so vs Algorithm/Algorithm_206480972_206899163.so on maps/input_a.txt
==============================



==============================
Running: algorithm_folder/Algorithm_322573304_322647603.so vs Algorithm/Algorithm_206480972_206899163.so on maps/input_a.txt
==============================



==============================
Running: algorithm_folder/Algorithm_322728148_206855835.so vs Algorithm/Algorithm_206480972_206899163.so on maps/input_a.txt
==============================
dlopen failed for algorithm_folder/Algorithm_322728148_206855835.so: algorithm_folder/Algorithm_322728148_206855835.so: undefined symbol: _ZN31GameManager_322728148_20685583511GameManager9TranslateEPN30UserCommon_322728148_20685583510GameObjectEi
Fatal error: AlgorithmRegistrar::getAt - index out of range
FAILED: algorithm_folder/Algorithm_322728148_206855835.so vs Algorithm/Algorithm_206480972_206899163.so on maps/input_a.txt



==============================
Running: algorithm_folder/Algorithm_322868852_340849710.so vs Algorithm/Algorithm_206480972_206899163.so on maps/input_a.txt
==============================



==============================
Running: algorithm_folder/Algorithm_322996059_211779582.so vs Algorithm/Algorithm_206480972_206899163.so on maps/input_a.txt
==============================



==============================
Running: algorithm_folder/GameManager_318885712_208230862.so vs Algorithm/Algorithm_206480972_206899163.so on maps/input_a.txt
==============================
dlopen failed for algorithm_folder/GameManager_318885712_208230862.so: /lib/x86_64-linux-gnu/libc.so.6: version `GLIBC_2.38' not found (required by algorithm_folder/GameManager_318885712_208230862.so)
Fatal error: AlgorithmRegistrar::getAt - index out of range
FAILED: algorithm_folder/GameManager_318885712_208230862.so vs Algorithm/Algorithm_206480972_206899163.so on maps/input_a.txt



SKIPPED: algorithm_folder/libAlgorithm_208011650_323870188.so
kelman_vs_all tests completed.
