==============================
Running: Algorithm/Algorithm_206480972_206899163.so vs Algorithm/Algorithm_206480972_206899163.so on maps/input_a.txt
==============================
COMMAND: ./Simulator/simulator -comparative algorithm1="Algorithm/Algorithm_206480972_206899163.so" algorithm2="Algorithm/Algorithm_206480972_206899163.so" game_managers_folder=Game_Manager_folder game_map="maps/input_a.txt"



==============================
Running: Algorithm/Algorithm_206480972_206899163.so vs Algorithm/Algorithm_206480972_206899163.so on maps/invalid_bad_char.txt
==============================
COMMAND: ./Simulator/simulator -comparative algorithm1="Algorithm/Algorithm_206480972_206899163.so" algorithm2="Algorithm/Algorithm_206480972_206899163.so" game_managers_folder=Game_Manager_folder game_map="maps/invalid_bad_char.txt"



==============================
Running: Algorithm/Algorithm_206480972_206899163.so vs Algorithm/Algorithm_206480972_206899163.so on maps/invalid_missing_cols_meta.txt
==============================
COMMAND: ./Simulator/simulator -comparative algorithm1="Algorithm/Algorithm_206480972_206899163.so" algorithm2="Algorithm/Algorithm_206480972_206899163.so" game_managers_folder=Game_Manager_folder game_map="maps/invalid_missing_cols_meta.txt"
Invalid map headers.
Line 5: expected header 'Cols=...', found '1'
Missing Cols value.
Fatal error: invalid map headers
FAILED: Algorithm/Algorithm_206480972_206899163.so vs Algorithm/Algorithm_206480972_206899163.so on maps/invalid_missing_cols_meta.txt



==============================
Running: Algorithm/Algorithm_206480972_206899163.so vs Algorithm/Algorithm_206480972_206899163.so on maps/invalid_missing_max_steps.txt
==============================
COMMAND: ./Simulator/simulator -comparative algorithm1="Algorithm/Algorithm_206480972_206899163.so" algorithm2="Algorithm/Algorithm_206480972_206899163.so" game_managers_folder=Game_Manager_folder game_map="maps/invalid_missing_max_steps.txt"
Invalid map headers.
Line 2: expected key 'MaxSteps', found 'NumShells'
Missing MaxSteps value.
Fatal error: invalid map headers
FAILED: Algorithm/Algorithm_206480972_206899163.so vs Algorithm/Algorithm_206480972_206899163.so on maps/invalid_missing_max_steps.txt



==============================
Running: Algorithm/Algorithm_206480972_206899163.so vs Algorithm/Algorithm_206480972_206899163.so on maps/invalid_missing_rows_meta.txt
==============================
COMMAND: ./Simulator/simulator -comparative algorithm1="Algorithm/Algorithm_206480972_206899163.so" algorithm2="Algorithm/Algorithm_206480972_206899163.so" game_managers_folder=Game_Manager_folder game_map="maps/invalid_missing_rows_meta.txt"
Invalid map headers.
Line 4: expected key 'Rows', found 'Cols'
Missing Rows value.
Fatal error: invalid map headers
FAILED: Algorithm/Algorithm_206480972_206899163.so vs Algorithm/Algorithm_206480972_206899163.so on maps/invalid_missing_rows_meta.txt



==============================
Running: Algorithm/Algorithm_206480972_206899163.so vs Algorithm/Algorithm_206480972_206899163.so on maps/invalid_no_player2.txt
==============================
COMMAND: ./Simulator/simulator -comparative algorithm1="Algorithm/Algorithm_206480972_206899163.so" algorithm2="Algorithm/Algorithm_206480972_206899163.so" game_managers_folder=Game_Manager_folder game_map="maps/invalid_no_player2.txt"



==============================
Running: Algorithm/Algorithm_206480972_206899163.so vs Algorithm/Algorithm_206480972_206899163.so on maps/valid_extra_cols.txt
==============================
COMMAND: ./Simulator/simulator -comparative algorithm1="Algorithm/Algorithm_206480972_206899163.so" algorithm2="Algorithm/Algorithm_206480972_206899163.so" game_managers_folder=Game_Manager_folder game_map="maps/valid_extra_cols.txt"



==============================
Running: Algorithm/Algorithm_206480972_206899163.so vs Algorithm/Algorithm_206480972_206899163.so on maps/valid_extra_rows.txt
==============================
COMMAND: ./Simulator/simulator -comparative algorithm1="Algorithm/Algorithm_206480972_206899163.so" algorithm2="Algorithm/Algorithm_206480972_206899163.so" game_managers_folder=Game_Manager_folder game_map="maps/valid_extra_rows.txt"



==============================
Running: Algorithm/Algorithm_206480972_206899163.so vs Algorithm/Algorithm_206480972_206899163.so on maps/valid_input_2v7.txt
==============================
COMMAND: ./Simulator/simulator -comparative algorithm1="Algorithm/Algorithm_206480972_206899163.so" algorithm2="Algorithm/Algorithm_206480972_206899163.so" game_managers_folder=Game_Manager_folder game_map="maps/valid_input_2v7.txt"



==============================
Running: Algorithm/Algorithm_206480972_206899163.so vs Algorithm/Algorithm_206480972_206899163.so on maps/valid_input_3v3_P1_trapped.txt
==============================
COMMAND: ./Simulator/simulator -comparative algorithm1="Algorithm/Algorithm_206480972_206899163.so" algorithm2="Algorithm/Algorithm_206480972_206899163.so" game_managers_folder=Game_Manager_folder game_map="maps/valid_input_3v3_P1_trapped.txt"



==============================
Running: Algorithm/Algorithm_206480972_206899163.so vs Algorithm/Algorithm_206480972_206899163.so on maps/valid_input_3v3_P2_trapped.txt
==============================
COMMAND: ./Simulator/simulator -comparative algorithm1="Algorithm/Algorithm_206480972_206899163.so" algorithm2="Algorithm/Algorithm_206480972_206899163.so" game_managers_folder=Game_Manager_folder game_map="maps/valid_input_3v3_P2_trapped.txt"



==============================
Running: Algorithm/Algorithm_206480972_206899163.so vs Algorithm/Algorithm_206480972_206899163.so on maps/valid_input_7v2.txt
==============================
COMMAND: ./Simulator/simulator -comparative algorithm1="Algorithm/Algorithm_206480972_206899163.so" algorithm2="Algorithm/Algorithm_206480972_206899163.so" game_managers_folder=Game_Manager_folder game_map="maps/valid_input_7v2.txt"



==============================
Running: Algorithm/Algorithm_206480972_206899163.so vs Algorithm/Algorithm_206480972_206899163.so on maps/valid_input_complex.txt
==============================
COMMAND: ./Simulator/simulator -comparative algorithm1="Algorithm/Algorithm_206480972_206899163.so" algorithm2="Algorithm/Algorithm_206480972_206899163.so" game_managers_folder=Game_Manager_folder game_map="maps/valid_input_complex.txt"



==============================
Running: Algorithm/Algorithm_206480972_206899163.so vs Algorithm/Algorithm_206480972_206899163.so on maps/valid_input_minefield.txt
==============================
COMMAND: ./Simulator/simulator -comparative algorithm1="Algorithm/Algorithm_206480972_206899163.so" algorithm2="Algorithm/Algorithm_206480972_206899163.so" game_managers_folder=Game_Manager_folder game_map="maps/valid_input_minefield.txt"



==============================
Running: Algorithm/Algorithm_206480972_206899163.so vs Algorithm/Algorithm_206480972_206899163.so on maps/valid_input_simple.txt
==============================
COMMAND: ./Simulator/simulator -comparative algorithm1="Algorithm/Algorithm_206480972_206899163.so" algorithm2="Algorithm/Algorithm_206480972_206899163.so" game_managers_folder=Game_Manager_folder game_map="maps/valid_input_simple.txt"



==============================
Running: Algorithm/Algorithm_206480972_206899163.so vs Algorithm/Algorithm_206480972_206899163.so on maps/valid_missing_rows.txt
==============================
COMMAND: ./Simulator/simulator -comparative algorithm1="Algorithm/Algorithm_206480972_206899163.so" algorithm2="Algorithm/Algorithm_206480972_206899163.so" game_managers_folder=Game_Manager_folder game_map="maps/valid_missing_rows.txt"



==============================
Running: Algorithm/Algorithm_206480972_206899163.so vs Algorithm/Algorithm_206480972_206899163.so on maps/valid_mixed_size.txt
==============================
COMMAND: ./Simulator/simulator -comparative algorithm1="Algorithm/Algorithm_206480972_206899163.so" algorithm2="Algorithm/Algorithm_206480972_206899163.so" game_managers_folder=Game_Manager_folder game_map="maps/valid_mixed_size.txt"



==============================
Running: Algorithm/Algorithm_206480972_206899163.so vs Algorithm/Algorithm_206480972_206899163.so on maps/valid_short_rows.txt
==============================
COMMAND: ./Simulator/simulator -comparative algorithm1="Algorithm/Algorithm_206480972_206899163.so" algorithm2="Algorithm/Algorithm_206480972_206899163.so" game_managers_folder=Game_Manager_folder game_map="maps/valid_short_rows.txt"



kelman_vs_all_maps tests completed.
